#
# There is insufficient memory for the Java Runtime Environment to continue.
# Native memory allocation (malloc) failed to allocate 2019088 bytes. Error detail: Chunk::new
# Possible reasons:
#   The system is out of physical RAM or swap space
#   This process is running with CompressedOops enabled, and the Java Heap may be blocking the growth of the native heap
# Possible solutions:
#   Reduce memory load on the system
#   Increase physical memory or swap space
#   Check if swap backing store is full
#   Decrease Java heap size (-Xmx/-Xms)
#   Decrease number of Java threads
#   Decrease Java thread stack sizes (-Xss)
#   Set larger code cache with -XX:ReservedCodeCacheSize=
#   JVM is running with Unscaled Compressed Oops mode in which the Java heap is
#     placed in the first 4GB address space. The Java Heap base address is the
#     maximum limit for the native heap growth. Please use -XX:HeapBaseMinAddress
#     to set the Java Heap base and to place the Java Heap above 4GB virtual address.
# This output file may be truncated or incomplete.
#
#  Out of Memory Error (arena.cpp:168), pid=15440, tid=18280
#
# JRE version: OpenJDK Runtime Environment (21.0.7) (build 21.0.7+-13880790-b1038.58)
# Java VM: OpenJDK 64-Bit Server VM (21.0.7+-13880790-b1038.58, mixed mode, tiered, compressed oops, compressed class ptrs, g1 gc, windows-amd64)
# No core dump will be written. Minidumps are not enabled by default on client versions of Windows
#

---------------  S U M M A R Y ------------

Command Line: org.jetbrains.kotlin.cli.jvm.K2JVMCompiler @D:\Projects\EAD_Assignment_MOBILE\EAD_Assignment_MOBILE\app\build\20251008_8111319256200123272.compiler.options

Host: Intel(R) Core(TM) i5-8250U CPU @ 1.60GHz, 8 cores, 3G,  Windows 10 , 64 bit Build 19041 (10.0.19041.5915)
Time: Wed Oct  8 11:29:02 2025 Sri Lanka Standard Time elapsed time: 40.255648 seconds (0d 0h 0m 40s)

---------------  T H R E A D  ---------------

Current thread (0x00000273ff9b7110):  JavaThread "C2 CompilerThread0" daemon [_thread_in_native, id=18280, stack(0x000000d537b00000,0x000000d537c00000) (1024K)]


Current CompileTask:
C2:40255 27199   !   4       org.jetbrains.kotlin.codegen.optimization.common.FastMethodAnalyzer::analyze (796 bytes)

Stack: [0x000000d537b00000,0x000000d537c00000]
Native frames: (J=compiled Java code, j=interpreted, Vv=VM code, C=native code)
V  [jvm.dll+0x6d25c9]
V  [jvm.dll+0x860923]
V  [jvm.dll+0x862e7e]
V  [jvm.dll+0x863563]
V  [jvm.dll+0x27f156]
V  [jvm.dll+0xc002d]
V  [jvm.dll+0xc0563]
V  [jvm.dll+0x3b6d3b]
V  [jvm.dll+0x382c27]
V  [jvm.dll+0x38209a]
V  [jvm.dll+0x247e72]
V  [jvm.dll+0x247441]
V  [jvm.dll+0x1c5fb4]
V  [jvm.dll+0x256bac]
V  [jvm.dll+0x2550f6]
V  [jvm.dll+0x3f1d16]
V  [jvm.dll+0x808d08]
V  [jvm.dll+0x6d0e1d]
C  [ucrtbase.dll+0x21bb2]
C  [KERNEL32.DLL+0x17374]
C  [ntdll.dll+0x4cc91]


---------------  P R O C E S S  ---------------

Threads class SMR info:
_java_thread_list=0x00000273ffb33510, length=11, elements={
0x00000273e72512c0, 0x00000273ff84b060, 0x00000273ff84f100, 0x00000273ff85c500,
0x00000273ff85e120, 0x00000273ff9b26a0, 0x00000273ff9b3100, 0x00000273ff9b5f80,
0x00000273ff9b7110, 0x00000273ff9bb730, 0x00000273ffb4ff10
}

Java Threads: ( => current thread )
  0x00000273e72512c0 JavaThread "main"                              [_thread_in_native, id=8368, stack(0x000000d536c00000,0x000000d536d00000) (1024K)]
  0x00000273ff84b060 JavaThread "Common-Cleaner"             daemon [_thread_blocked, id=3036, stack(0x000000d537400000,0x000000d537500000) (1024K)]
  0x00000273ff84f100 JavaThread "Reference Handler"          daemon [_thread_blocked, id=15944, stack(0x000000d537500000,0x000000d537600000) (1024K)]
  0x00000273ff85c500 JavaThread "Finalizer"                  daemon [_thread_blocked, id=4276, stack(0x000000d537600000,0x000000d537700000) (1024K)]
  0x00000273ff85e120 JavaThread "Signal Dispatcher"          daemon [_thread_blocked, id=5296, stack(0x000000d537700000,0x000000d537800000) (1024K)]
  0x00000273ff9b26a0 JavaThread "Attach Listener"            daemon [_thread_blocked, id=21964, stack(0x000000d537800000,0x000000d537900000) (1024K)]
  0x00000273ff9b3100 JavaThread "Service Thread"             daemon [_thread_blocked, id=300, stack(0x000000d537900000,0x000000d537a00000) (1024K)]
  0x00000273ff9b5f80 JavaThread "Monitor Deflation Thread"   daemon [_thread_blocked, id=17572, stack(0x000000d537a00000,0x000000d537b00000) (1024K)]
=>0x00000273ff9b7110 JavaThread "C2 CompilerThread0"         daemon [_thread_in_native, id=18280, stack(0x000000d537b00000,0x000000d537c00000) (1024K)]
  0x00000273ff9bb730 JavaThread "C1 CompilerThread0"         daemon [_thread_blocked, id=4548, stack(0x000000d537c00000,0x000000d537d00000) (1024K)]
  0x00000273ffb4ff10 JavaThread "Notification Thread"        daemon [_thread_blocked, id=18672, stack(0x000000d537d00000,0x000000d537e00000) (1024K)]
Total: 11

Other Threads:
  0x00000273ff7c7110 VMThread "VM Thread"                           [id=21384, stack(0x000000d537300000,0x000000d537400000) (1024K)]
  0x00000273e966bf90 WatcherThread "VM Periodic Task Thread"        [id=2436, stack(0x000000d537200000,0x000000d537300000) (1024K)]
  0x00000273e95e5120 WorkerThread "GC Thread#0"                     [id=14664, stack(0x000000d536d00000,0x000000d536e00000) (1024K)]
  0x00000273843f52c0 WorkerThread "GC Thread#1"                     [id=19660, stack(0x000000d537e00000,0x000000d537f00000) (1024K)]
  0x00000273844ca2e0 WorkerThread "GC Thread#2"                     [id=9648, stack(0x000000d537f00000,0x000000d538000000) (1024K)]
  0x00000273844ca680 WorkerThread "GC Thread#3"                     [id=10060, stack(0x000000d538000000,0x000000d538100000) (1024K)]
  0x00000273844caa20 WorkerThread "GC Thread#4"                     [id=2860, stack(0x000000d538100000,0x000000d538200000) (1024K)]
  0x00000273849312b0 WorkerThread "GC Thread#5"                     [id=9720, stack(0x000000d538200000,0x000000d538300000) (1024K)]
  0x0000027384932c10 WorkerThread "GC Thread#6"                     [id=7952, stack(0x000000d538300000,0x000000d538400000) (1024K)]
  0x0000027384933350 WorkerThread "GC Thread#7"                     [id=11688, stack(0x000000d538400000,0x000000d538500000) (1024K)]
  0x00000273e95ee710 ConcurrentGCThread "G1 Main Marker"            [id=19960, stack(0x000000d536e00000,0x000000d536f00000) (1024K)]
  0x00000273e95ef210 WorkerThread "G1 Conc#0"                       [id=7556, stack(0x000000d536f00000,0x000000d537000000) (1024K)]
  0x0000027384930090 WorkerThread "G1 Conc#1"                       [id=20476, stack(0x000000d538500000,0x000000d538600000) (1024K)]
  0x00000273e965e320 ConcurrentGCThread "G1 Refine#0"               [id=19220, stack(0x000000d537000000,0x000000d537100000) (1024K)]
  0x00000273e965ee90 ConcurrentGCThread "G1 Service"                [id=20120, stack(0x000000d537100000,0x000000d537200000) (1024K)]
Total: 15

Threads with active compile tasks:
C2 CompilerThread0  40336 27199   !   4       org.jetbrains.kotlin.codegen.optimization.common.FastMethodAnalyzer::analyze (796 bytes)
Total: 1

VM state: not at safepoint (normal execution)

VM Mutex/Monitor currently owned by a thread: None

Heap address: 0x00000000c1800000, size: 1000 MB, Compressed Oops mode: 32-bit

CDS archive(s) not mapped
Compressed class space mapped at: 0x0000000100000000-0x0000000140000000, reserved size: 1073741824
Narrow klass base: 0x0000000000000000, Narrow klass shift: 3, Narrow klass range: 0x140000000

GC Precious Log:
 CardTable entry size: 512
 Card Set container configuration: InlinePtr #cards 5 size 8 Array Of Cards #cards 12 size 40 Howl #buckets 4 coarsen threshold 1843 Howl Bitmap #cards 512 size 80 coarsen threshold 460 Card regions per heap region 1 cards per card region 2048
 CPUs: 8 total, 8 available
 Memory: 3998M
 Large Page Support: Disabled
 NUMA Support: Disabled
 Compressed Oops: Enabled (32-bit)
 Heap Region Size: 1M
 Heap Min Capacity: 8M
 Heap Initial Capacity: 64M
 Heap Max Capacity: 1000M
 Pre-touch: Disabled
 Parallel Workers: 8
 Concurrent Workers: 2
 Concurrent Refinement Workers: 8
 Periodic GC: Disabled

Heap:
 garbage-first heap   total 288768K, used 220912K [0x00000000c1800000, 0x0000000100000000)
  region size 1024K, 58 young (59392K), 10 survivors (10240K)
 Metaspace       used 100299K, committed 101184K, reserved 1179648K
  class space    used 10379K, committed 10816K, reserved 1048576K

Heap Regions: E=young(eden), S=young(survivor), O=old, HS=humongous(starts), HC=humongous(continues), CS=collection set, F=free, TAMS=top-at-mark-start, PB=parsable bottom
|   0|0x00000000c1800000, 0x00000000c1900000, 0x00000000c1900000|100%|HS|  |TAMS 0x00000000c1800000| PB 0x00000000c1800000| Complete 
|   1|0x00000000c1900000, 0x00000000c1a00000, 0x00000000c1a00000|100%|HC|  |TAMS 0x00000000c1900000| PB 0x00000000c1900000| Complete 
|   2|0x00000000c1a00000, 0x00000000c1b00000, 0x00000000c1b00000|100%|HC|  |TAMS 0x00000000c1a00000| PB 0x00000000c1a00000| Complete 
|   3|0x00000000c1b00000, 0x00000000c1c00000, 0x00000000c1c00000|100%|HC|  |TAMS 0x00000000c1b00000| PB 0x00000000c1b00000| Complete 
|   4|0x00000000c1c00000, 0x00000000c1d00000, 0x00000000c1d00000|100%| O|  |TAMS 0x00000000c1c00000| PB 0x00000000c1c00000| Untracked 
|   5|0x00000000c1d00000, 0x00000000c1e00000, 0x00000000c1e00000|100%| O|  |TAMS 0x00000000c1d00000| PB 0x00000000c1d00000| Untracked 
|   6|0x00000000c1e00000, 0x00000000c1f00000, 0x00000000c1f00000|100%| O|  |TAMS 0x00000000c1e00000| PB 0x00000000c1e00000| Untracked 
|   7|0x00000000c1f00000, 0x00000000c2000000, 0x00000000c2000000|100%| O|  |TAMS 0x00000000c1f00000| PB 0x00000000c1f00000| Untracked 
|   8|0x00000000c2000000, 0x00000000c2100000, 0x00000000c2100000|100%| O|  |TAMS 0x00000000c2000000| PB 0x00000000c2000000| Untracked 
|   9|0x00000000c2100000, 0x00000000c2200000, 0x00000000c2200000|100%| O|  |TAMS 0x00000000c2100000| PB 0x00000000c2100000| Untracked 
|  10|0x00000000c2200000, 0x00000000c2300000, 0x00000000c2300000|100%| O|  |TAMS 0x00000000c2200000| PB 0x00000000c2200000| Untracked 
|  11|0x00000000c2300000, 0x00000000c2400000, 0x00000000c2400000|100%| O|  |TAMS 0x00000000c2300000| PB 0x00000000c2300000| Untracked 
|  12|0x00000000c2400000, 0x00000000c2500000, 0x00000000c2500000|100%| O|  |TAMS 0x00000000c2400000| PB 0x00000000c2400000| Untracked 
|  13|0x00000000c2500000, 0x00000000c2600000, 0x00000000c2600000|100%| O|  |TAMS 0x00000000c2500000| PB 0x00000000c2500000| Untracked 
|  14|0x00000000c2600000, 0x00000000c2700000, 0x00000000c2700000|100%| O|  |TAMS 0x00000000c2600000| PB 0x00000000c2600000| Untracked 
|  15|0x00000000c2700000, 0x00000000c2800000, 0x00000000c2800000|100%| O|  |TAMS 0x00000000c2700000| PB 0x00000000c2700000| Untracked 
|  16|0x00000000c2800000, 0x00000000c2900000, 0x00000000c2900000|100%| O|  |TAMS 0x00000000c2800000| PB 0x00000000c2800000| Untracked 
|  17|0x00000000c2900000, 0x00000000c2a00000, 0x00000000c2a00000|100%| O|  |TAMS 0x00000000c2900000| PB 0x00000000c2900000| Untracked 
|  18|0x00000000c2a00000, 0x00000000c2b00000, 0x00000000c2b00000|100%| O|  |TAMS 0x00000000c2a00000| PB 0x00000000c2a00000| Untracked 
|  19|0x00000000c2b00000, 0x00000000c2c00000, 0x00000000c2c00000|100%| O|  |TAMS 0x00000000c2b00000| PB 0x00000000c2b00000| Untracked 
|  20|0x00000000c2c00000, 0x00000000c2d00000, 0x00000000c2d00000|100%| O|  |TAMS 0x00000000c2c00000| PB 0x00000000c2c00000| Untracked 
|  21|0x00000000c2d00000, 0x00000000c2e00000, 0x00000000c2e00000|100%| O|  |TAMS 0x00000000c2d00000| PB 0x00000000c2d00000| Untracked 
|  22|0x00000000c2e00000, 0x00000000c2f00000, 0x00000000c2f00000|100%| O|  |TAMS 0x00000000c2e00000| PB 0x00000000c2e00000| Untracked 
|  23|0x00000000c2f00000, 0x00000000c3000000, 0x00000000c3000000|100%| O|  |TAMS 0x00000000c2f00000| PB 0x00000000c2f00000| Untracked 
|  24|0x00000000c3000000, 0x00000000c3100000, 0x00000000c3100000|100%|HS|  |TAMS 0x00000000c3000000| PB 0x00000000c3000000| Complete 
|  25|0x00000000c3100000, 0x00000000c3200000, 0x00000000c3200000|100%|HC|  |TAMS 0x00000000c3100000| PB 0x00000000c3100000| Complete 
|  26|0x00000000c3200000, 0x00000000c3300000, 0x00000000c3300000|100%| O|  |TAMS 0x00000000c3200000| PB 0x00000000c3200000| Untracked 
|  27|0x00000000c3300000, 0x00000000c3400000, 0x00000000c3400000|100%| O|  |TAMS 0x00000000c3300000| PB 0x00000000c3300000| Untracked 
|  28|0x00000000c3400000, 0x00000000c3500000, 0x00000000c3500000|100%| O|  |TAMS 0x00000000c3400000| PB 0x00000000c3400000| Untracked 
|  29|0x00000000c3500000, 0x00000000c3600000, 0x00000000c3600000|100%| O|  |TAMS 0x00000000c3500000| PB 0x00000000c3500000| Untracked 
|  30|0x00000000c3600000, 0x00000000c3700000, 0x00000000c3700000|100%| O|  |TAMS 0x00000000c3600000| PB 0x00000000c3600000| Untracked 
|  31|0x00000000c3700000, 0x00000000c3800000, 0x00000000c3800000|100%| O|  |TAMS 0x00000000c3700000| PB 0x00000000c3700000| Untracked 
|  32|0x00000000c3800000, 0x00000000c3900000, 0x00000000c3900000|100%| O|  |TAMS 0x00000000c3800000| PB 0x00000000c3800000| Untracked 
|  33|0x00000000c3900000, 0x00000000c3a00000, 0x00000000c3a00000|100%| O|  |TAMS 0x00000000c3900000| PB 0x00000000c3900000| Untracked 
|  34|0x00000000c3a00000, 0x00000000c3b00000, 0x00000000c3b00000|100%| O|  |TAMS 0x00000000c3a00000| PB 0x00000000c3a00000| Untracked 
|  35|0x00000000c3b00000, 0x00000000c3c00000, 0x00000000c3c00000|100%| O|  |TAMS 0x00000000c3b00000| PB 0x00000000c3b00000| Untracked 
|  36|0x00000000c3c00000, 0x00000000c3d00000, 0x00000000c3d00000|100%| O|  |TAMS 0x00000000c3c00000| PB 0x00000000c3c00000| Untracked 
|  37|0x00000000c3d00000, 0x00000000c3e00000, 0x00000000c3e00000|100%| O|  |TAMS 0x00000000c3d00000| PB 0x00000000c3d00000| Untracked 
|  38|0x00000000c3e00000, 0x00000000c3f00000, 0x00000000c3f00000|100%| O|  |TAMS 0x00000000c3e00000| PB 0x00000000c3e00000| Untracked 
|  39|0x00000000c3f00000, 0x00000000c4000000, 0x00000000c4000000|100%| O|  |TAMS 0x00000000c3f00000| PB 0x00000000c3f00000| Untracked 
|  40|0x00000000c4000000, 0x00000000c4100000, 0x00000000c4100000|100%| O|  |TAMS 0x00000000c4000000| PB 0x00000000c4000000| Untracked 
|  41|0x00000000c4100000, 0x00000000c4200000, 0x00000000c4200000|100%| O|Cm|TAMS 0x00000000c4100000| PB 0x00000000c4100000| Complete 
|  42|0x00000000c4200000, 0x00000000c4300000, 0x00000000c4300000|100%| O|  |TAMS 0x00000000c4200000| PB 0x00000000c4200000| Untracked 
|  43|0x00000000c4300000, 0x00000000c4400000, 0x00000000c4400000|100%| O|  |TAMS 0x00000000c4300000| PB 0x00000000c4300000| Untracked 
|  44|0x00000000c4400000, 0x00000000c4500000, 0x00000000c4500000|100%| O|  |TAMS 0x00000000c4400000| PB 0x00000000c4400000| Untracked 
|  45|0x00000000c4500000, 0x00000000c4600000, 0x00000000c4600000|100%| O|  |TAMS 0x00000000c4500000| PB 0x00000000c4500000| Untracked 
|  46|0x00000000c4600000, 0x00000000c4700000, 0x00000000c4700000|100%| O|  |TAMS 0x00000000c4600000| PB 0x00000000c4600000| Untracked 
|  47|0x00000000c4700000, 0x00000000c4800000, 0x00000000c4800000|100%| O|  |TAMS 0x00000000c4700000| PB 0x00000000c4700000| Untracked 
|  48|0x00000000c4800000, 0x00000000c4900000, 0x00000000c4900000|100%| O|  |TAMS 0x00000000c4800000| PB 0x00000000c4800000| Untracked 
|  49|0x00000000c4900000, 0x00000000c4a00000, 0x00000000c4a00000|100%| O|  |TAMS 0x00000000c4900000| PB 0x00000000c4900000| Untracked 
|  50|0x00000000c4a00000, 0x00000000c4b00000, 0x00000000c4b00000|100%| O|  |TAMS 0x00000000c4a00000| PB 0x00000000c4a00000| Untracked 
|  51|0x00000000c4b00000, 0x00000000c4c00000, 0x00000000c4c00000|100%| O|  |TAMS 0x00000000c4b00000| PB 0x00000000c4b00000| Untracked 
|  52|0x00000000c4c00000, 0x00000000c4d00000, 0x00000000c4d00000|100%| O|  |TAMS 0x00000000c4c00000| PB 0x00000000c4c00000| Untracked 
|  53|0x00000000c4d00000, 0x00000000c4e00000, 0x00000000c4e00000|100%| O|  |TAMS 0x00000000c4d00000| PB 0x00000000c4d00000| Untracked 
|  54|0x00000000c4e00000, 0x00000000c4f00000, 0x00000000c4f00000|100%| O|  |TAMS 0x00000000c4e00000| PB 0x00000000c4e00000| Untracked 
|  55|0x00000000c4f00000, 0x00000000c5000000, 0x00000000c5000000|100%| O|  |TAMS 0x00000000c4f00000| PB 0x00000000c4f00000| Untracked 
|  56|0x00000000c5000000, 0x00000000c5100000, 0x00000000c5100000|100%| O|  |TAMS 0x00000000c5000000| PB 0x00000000c5000000| Untracked 
|  57|0x00000000c5100000, 0x00000000c5200000, 0x00000000c5200000|100%| O|  |TAMS 0x00000000c5100000| PB 0x00000000c5100000| Untracked 
|  58|0x00000000c5200000, 0x00000000c5300000, 0x00000000c5300000|100%| O|  |TAMS 0x00000000c5200000| PB 0x00000000c5200000| Untracked 
|  59|0x00000000c5300000, 0x00000000c5400000, 0x00000000c5400000|100%| O|  |TAMS 0x00000000c5300000| PB 0x00000000c5300000| Untracked 
|  60|0x00000000c5400000, 0x00000000c5500000, 0x00000000c5500000|100%| O|  |TAMS 0x00000000c5400000| PB 0x00000000c5400000| Untracked 
|  61|0x00000000c5500000, 0x00000000c5600000, 0x00000000c5600000|100%| O|Cm|TAMS 0x00000000c5500000| PB 0x00000000c5500000| Complete 
|  62|0x00000000c5600000, 0x00000000c5700000, 0x00000000c5700000|100%| O|  |TAMS 0x00000000c5600000| PB 0x00000000c5600000| Untracked 
|  63|0x00000000c5700000, 0x00000000c5800000, 0x00000000c5800000|100%| O|  |TAMS 0x00000000c5700000| PB 0x00000000c5700000| Untracked 
|  64|0x00000000c5800000, 0x00000000c5900000, 0x00000000c5900000|100%| O|  |TAMS 0x00000000c5800000| PB 0x00000000c5800000| Untracked 
|  65|0x00000000c5900000, 0x00000000c5a00000, 0x00000000c5a00000|100%| O|  |TAMS 0x00000000c5900000| PB 0x00000000c5900000| Untracked 
|  66|0x00000000c5a00000, 0x00000000c5b00000, 0x00000000c5b00000|100%| O|  |TAMS 0x00000000c5a00000| PB 0x00000000c5a00000| Untracked 
|  67|0x00000000c5b00000, 0x00000000c5c00000, 0x00000000c5c00000|100%| O|  |TAMS 0x00000000c5b00000| PB 0x00000000c5b00000| Untracked 
|  68|0x00000000c5c00000, 0x00000000c5d00000, 0x00000000c5d00000|100%| O|  |TAMS 0x00000000c5c00000| PB 0x00000000c5c00000| Untracked 
|  69|0x00000000c5d00000, 0x00000000c5e00000, 0x00000000c5e00000|100%| O|  |TAMS 0x00000000c5d00000| PB 0x00000000c5d00000| Untracked 
|  70|0x00000000c5e00000, 0x00000000c5f00000, 0x00000000c5f00000|100%| O|  |TAMS 0x00000000c5e00000| PB 0x00000000c5e00000| Untracked 
|  71|0x00000000c5f00000, 0x00000000c6000000, 0x00000000c6000000|100%| O|  |TAMS 0x00000000c5f00000| PB 0x00000000c5f00000| Untracked 
|  72|0x00000000c6000000, 0x00000000c6100000, 0x00000000c6100000|100%| O|Cm|TAMS 0x00000000c6000000| PB 0x00000000c6000000| Complete 
|  73|0x00000000c6100000, 0x00000000c6200000, 0x00000000c6200000|100%| O|Cm|TAMS 0x00000000c6100000| PB 0x00000000c6100000| Complete 
|  74|0x00000000c6200000, 0x00000000c6300000, 0x00000000c6300000|100%| O|  |TAMS 0x00000000c6200000| PB 0x00000000c6200000| Untracked 
|  75|0x00000000c6300000, 0x00000000c6400000, 0x00000000c6400000|100%| O|  |TAMS 0x00000000c6300000| PB 0x00000000c6300000| Untracked 
|  76|0x00000000c6400000, 0x00000000c6500000, 0x00000000c6500000|100%| O|  |TAMS 0x00000000c6400000| PB 0x00000000c6400000| Untracked 
|  77|0x00000000c6500000, 0x00000000c6600000, 0x00000000c6600000|100%| O|  |TAMS 0x00000000c6500000| PB 0x00000000c6500000| Untracked 
|  78|0x00000000c6600000, 0x00000000c6700000, 0x00000000c6700000|100%| O|  |TAMS 0x00000000c6600000| PB 0x00000000c6600000| Untracked 
|  79|0x00000000c6700000, 0x00000000c6800000, 0x00000000c6800000|100%| O|  |TAMS 0x00000000c6700000| PB 0x00000000c6700000| Untracked 
|  80|0x00000000c6800000, 0x00000000c6900000, 0x00000000c6900000|100%| O|  |TAMS 0x00000000c6800000| PB 0x00000000c6800000| Untracked 
|  81|0x00000000c6900000, 0x00000000c6a00000, 0x00000000c6a00000|100%| O|  |TAMS 0x00000000c6900000| PB 0x00000000c6900000| Untracked 
|  82|0x00000000c6a00000, 0x00000000c6b00000, 0x00000000c6b00000|100%| O|  |TAMS 0x00000000c6a00000| PB 0x00000000c6a00000| Untracked 
|  83|0x00000000c6b00000, 0x00000000c6c00000, 0x00000000c6c00000|100%| O|  |TAMS 0x00000000c6b00000| PB 0x00000000c6b00000| Untracked 
|  84|0x00000000c6c00000, 0x00000000c6d00000, 0x00000000c6d00000|100%| O|  |TAMS 0x00000000c6c00000| PB 0x00000000c6c00000| Untracked 
|  85|0x00000000c6d00000, 0x00000000c6e00000, 0x00000000c6e00000|100%| O|  |TAMS 0x00000000c6d00000| PB 0x00000000c6d00000| Untracked 
|  86|0x00000000c6e00000, 0x00000000c6f00000, 0x00000000c6f00000|100%| O|  |TAMS 0x00000000c6e00000| PB 0x00000000c6e00000| Untracked 
|  87|0x00000000c6f00000, 0x00000000c7000000, 0x00000000c7000000|100%| O|  |TAMS 0x00000000c6f00000| PB 0x00000000c6f00000| Untracked 
|  88|0x00000000c7000000, 0x00000000c7100000, 0x00000000c7100000|100%| O|  |TAMS 0x00000000c7000000| PB 0x00000000c7000000| Untracked 
|  89|0x00000000c7100000, 0x00000000c7200000, 0x00000000c7200000|100%| O|  |TAMS 0x00000000c7100000| PB 0x00000000c7100000| Untracked 
|  90|0x00000000c7200000, 0x00000000c7300000, 0x00000000c7300000|100%| O|  |TAMS 0x00000000c7200000| PB 0x00000000c7200000| Untracked 
|  91|0x00000000c7300000, 0x00000000c7400000, 0x00000000c7400000|100%| O|  |TAMS 0x00000000c7300000| PB 0x00000000c7300000| Untracked 
|  92|0x00000000c7400000, 0x00000000c7500000, 0x00000000c7500000|100%| O|  |TAMS 0x00000000c7400000| PB 0x00000000c7400000| Untracked 
|  93|0x00000000c7500000, 0x00000000c7600000, 0x00000000c7600000|100%| O|  |TAMS 0x00000000c7500000| PB 0x00000000c7500000| Untracked 
|  94|0x00000000c7600000, 0x00000000c7700000, 0x00000000c7700000|100%| O|  |TAMS 0x00000000c7600000| PB 0x00000000c7600000| Untracked 
|  95|0x00000000c7700000, 0x00000000c77bc1a0, 0x00000000c7800000| 73%| O|  |TAMS 0x00000000c7700000| PB 0x00000000c7700000| Untracked 
|  96|0x00000000c7800000, 0x00000000c7900000, 0x00000000c7900000|100%| O|  |TAMS 0x00000000c7800000| PB 0x00000000c7800000| Untracked 
|  97|0x00000000c7900000, 0x00000000c7a00000, 0x00000000c7a00000|100%| O|  |TAMS 0x00000000c7900000| PB 0x00000000c7900000| Untracked 
|  98|0x00000000c7a00000, 0x00000000c7b00000, 0x00000000c7b00000|100%| O|  |TAMS 0x00000000c7a00000| PB 0x00000000c7a00000| Untracked 
|  99|0x00000000c7b00000, 0x00000000c7c00000, 0x00000000c7c00000|100%| O|  |TAMS 0x00000000c7b00000| PB 0x00000000c7b00000| Untracked 
| 100|0x00000000c7c00000, 0x00000000c7d00000, 0x00000000c7d00000|100%| O|  |TAMS 0x00000000c7c00000| PB 0x00000000c7c00000| Untracked 
| 101|0x00000000c7d00000, 0x00000000c7e00000, 0x00000000c7e00000|100%| O|  |TAMS 0x00000000c7d00000| PB 0x00000000c7d00000| Untracked 
| 102|0x00000000c7e00000, 0x00000000c7f00000, 0x00000000c7f00000|100%| O|  |TAMS 0x00000000c7e00000| PB 0x00000000c7e00000| Untracked 
| 103|0x00000000c7f00000, 0x00000000c8000000, 0x00000000c8000000|100%| O|  |TAMS 0x00000000c7f00000| PB 0x00000000c7f00000| Untracked 
| 104|0x00000000c8000000, 0x00000000c8100000, 0x00000000c8100000|100%| O|  |TAMS 0x00000000c8000000| PB 0x00000000c8000000| Untracked 
| 105|0x00000000c8100000, 0x00000000c8200000, 0x00000000c8200000|100%| O|  |TAMS 0x00000000c8100000| PB 0x00000000c8100000| Untracked 
| 106|0x00000000c8200000, 0x00000000c8300000, 0x00000000c8300000|100%| O|  |TAMS 0x00000000c8200000| PB 0x00000000c8200000| Untracked 
| 107|0x00000000c8300000, 0x00000000c8400000, 0x00000000c8400000|100%| O|  |TAMS 0x00000000c8300000| PB 0x00000000c8300000| Untracked 
| 108|0x00000000c8400000, 0x00000000c8400000, 0x00000000c8500000|  0%| F|  |TAMS 0x00000000c8400000| PB 0x00000000c8400000| Untracked 
| 109|0x00000000c8500000, 0x00000000c8600000, 0x00000000c8600000|100%| O|  |TAMS 0x00000000c8500000| PB 0x00000000c8500000| Untracked 
| 110|0x00000000c8600000, 0x00000000c8700000, 0x00000000c8700000|100%| O|  |TAMS 0x00000000c8600000| PB 0x00000000c8600000| Untracked 
| 111|0x00000000c8700000, 0x00000000c8800000, 0x00000000c8800000|100%| O|  |TAMS 0x00000000c8700000| PB 0x00000000c8700000| Untracked 
| 112|0x00000000c8800000, 0x00000000c8900000, 0x00000000c8900000|100%| O|Cm|TAMS 0x00000000c8800000| PB 0x00000000c8800000| Complete 
| 113|0x00000000c8900000, 0x00000000c8a00000, 0x00000000c8a00000|100%| O|  |TAMS 0x00000000c8900000| PB 0x00000000c8900000| Untracked 
| 114|0x00000000c8a00000, 0x00000000c8b00000, 0x00000000c8b00000|100%| O|  |TAMS 0x00000000c8a00000| PB 0x00000000c8a00000| Untracked 
| 115|0x00000000c8b00000, 0x00000000c8c00000, 0x00000000c8c00000|100%| O|  |TAMS 0x00000000c8b00000| PB 0x00000000c8b00000| Untracked 
| 116|0x00000000c8c00000, 0x00000000c8d00000, 0x00000000c8d00000|100%| O|  |TAMS 0x00000000c8c00000| PB 0x00000000c8c00000| Untracked 
| 117|0x00000000c8d00000, 0x00000000c8e00000, 0x00000000c8e00000|100%| O|  |TAMS 0x00000000c8d00000| PB 0x00000000c8d00000| Untracked 
| 118|0x00000000c8e00000, 0x00000000c8f00000, 0x00000000c8f00000|100%| O|  |TAMS 0x00000000c8e00000| PB 0x00000000c8e00000| Untracked 
| 119|0x00000000c8f00000, 0x00000000c9000000, 0x00000000c9000000|100%| O|  |TAMS 0x00000000c8f00000| PB 0x00000000c8f00000| Untracked 
| 120|0x00000000c9000000, 0x00000000c9100000, 0x00000000c9100000|100%| O|  |TAMS 0x00000000c9000000| PB 0x00000000c9000000| Untracked 
| 121|0x00000000c9100000, 0x00000000c9200000, 0x00000000c9200000|100%| O|  |TAMS 0x00000000c9100000| PB 0x00000000c9100000| Untracked 
| 122|0x00000000c9200000, 0x00000000c9300000, 0x00000000c9300000|100%| O|  |TAMS 0x00000000c9200000| PB 0x00000000c9200000| Untracked 
| 123|0x00000000c9300000, 0x00000000c9400000, 0x00000000c9400000|100%| O|  |TAMS 0x00000000c9300000| PB 0x00000000c9300000| Untracked 
| 124|0x00000000c9400000, 0x00000000c9500000, 0x00000000c9500000|100%| O|  |TAMS 0x00000000c9400000| PB 0x00000000c9400000| Untracked 
| 125|0x00000000c9500000, 0x00000000c9600000, 0x00000000c9600000|100%| O|  |TAMS 0x00000000c9500000| PB 0x00000000c9500000| Untracked 
| 126|0x00000000c9600000, 0x00000000c9700000, 0x00000000c9700000|100%| O|  |TAMS 0x00000000c9600000| PB 0x00000000c9600000| Untracked 
| 127|0x00000000c9700000, 0x00000000c9800000, 0x00000000c9800000|100%| O|  |TAMS 0x00000000c9700000| PB 0x00000000c9700000| Untracked 
| 128|0x00000000c9800000, 0x00000000c9900000, 0x00000000c9900000|100%| O|  |TAMS 0x00000000c9800000| PB 0x00000000c9800000| Untracked 
| 129|0x00000000c9900000, 0x00000000c9a00000, 0x00000000c9a00000|100%| O|  |TAMS 0x00000000c9900000| PB 0x00000000c9900000| Untracked 
| 130|0x00000000c9a00000, 0x00000000c9b00000, 0x00000000c9b00000|100%| O|  |TAMS 0x00000000c9a00000| PB 0x00000000c9a00000| Untracked 
| 131|0x00000000c9b00000, 0x00000000c9c00000, 0x00000000c9c00000|100%| O|  |TAMS 0x00000000c9b00000| PB 0x00000000c9b00000| Untracked 
| 132|0x00000000c9c00000, 0x00000000c9d00000, 0x00000000c9d00000|100%| O|  |TAMS 0x00000000c9c00000| PB 0x00000000c9c00000| Untracked 
| 133|0x00000000c9d00000, 0x00000000c9e00000, 0x00000000c9e00000|100%| O|  |TAMS 0x00000000c9d00000| PB 0x00000000c9d00000| Untracked 
| 134|0x00000000c9e00000, 0x00000000c9f00000, 0x00000000c9f00000|100%| O|  |TAMS 0x00000000c9e00000| PB 0x00000000c9e00000| Untracked 
| 135|0x00000000c9f00000, 0x00000000ca000000, 0x00000000ca000000|100%| O|  |TAMS 0x00000000c9f00000| PB 0x00000000c9f00000| Untracked 
| 136|0x00000000ca000000, 0x00000000ca100000, 0x00000000ca100000|100%| O|  |TAMS 0x00000000ca000000| PB 0x00000000ca000000| Untracked 
| 137|0x00000000ca100000, 0x00000000ca200000, 0x00000000ca200000|100%| O|  |TAMS 0x00000000ca100000| PB 0x00000000ca100000| Untracked 
| 138|0x00000000ca200000, 0x00000000ca200000, 0x00000000ca300000|  0%| F|  |TAMS 0x00000000ca200000| PB 0x00000000ca200000| Untracked 
| 139|0x00000000ca300000, 0x00000000ca400000, 0x00000000ca400000|100%| O|  |TAMS 0x00000000ca300000| PB 0x00000000ca300000| Untracked 
| 140|0x00000000ca400000, 0x00000000ca500000, 0x00000000ca500000|100%| O|  |TAMS 0x00000000ca400000| PB 0x00000000ca400000| Untracked 
| 141|0x00000000ca500000, 0x00000000ca600000, 0x00000000ca600000|100%| O|  |TAMS 0x00000000ca500000| PB 0x00000000ca500000| Untracked 
| 142|0x00000000ca600000, 0x00000000ca700000, 0x00000000ca700000|100%| O|  |TAMS 0x00000000ca600000| PB 0x00000000ca600000| Untracked 
| 143|0x00000000ca700000, 0x00000000ca800000, 0x00000000ca800000|100%| O|  |TAMS 0x00000000ca700000| PB 0x00000000ca700000| Untracked 
| 144|0x00000000ca800000, 0x00000000ca900000, 0x00000000ca900000|100%| O|  |TAMS 0x00000000ca800000| PB 0x00000000ca800000| Untracked 
| 145|0x00000000ca900000, 0x00000000caa00000, 0x00000000caa00000|100%| O|  |TAMS 0x00000000ca900000| PB 0x00000000ca900000| Untracked 
| 146|0x00000000caa00000, 0x00000000cab00000, 0x00000000cab00000|100%| O|  |TAMS 0x00000000caa00000| PB 0x00000000caa00000| Untracked 
| 147|0x00000000cab00000, 0x00000000cac00000, 0x00000000cac00000|100%| O|  |TAMS 0x00000000cab00000| PB 0x00000000cab00000| Untracked 
| 148|0x00000000cac00000, 0x00000000cad00000, 0x00000000cad00000|100%| O|  |TAMS 0x00000000cac00000| PB 0x00000000cac00000| Untracked 
| 149|0x00000000cad00000, 0x00000000cad00000, 0x00000000cae00000|  0%| F|  |TAMS 0x00000000cad00000| PB 0x00000000cad00000| Untracked 
| 150|0x00000000cae00000, 0x00000000caf00000, 0x00000000caf00000|100%| O|  |TAMS 0x00000000cae00000| PB 0x00000000cae00000| Untracked 
| 151|0x00000000caf00000, 0x00000000cb000000, 0x00000000cb000000|100%| O|  |TAMS 0x00000000caf00000| PB 0x00000000caf00000| Untracked 
| 152|0x00000000cb000000, 0x00000000cb100000, 0x00000000cb100000|100%| O|  |TAMS 0x00000000cb000000| PB 0x00000000cb000000| Untracked 
| 153|0x00000000cb100000, 0x00000000cb200000, 0x00000000cb200000|100%| O|  |TAMS 0x00000000cb100000| PB 0x00000000cb100000| Untracked 
| 154|0x00000000cb200000, 0x00000000cb300000, 0x00000000cb300000|100%| O|  |TAMS 0x00000000cb200000| PB 0x00000000cb200000| Untracked 
| 155|0x00000000cb300000, 0x00000000cb400000, 0x00000000cb400000|100%| O|Cm|TAMS 0x00000000cb300000| PB 0x00000000cb300000| Complete 
| 156|0x00000000cb400000, 0x00000000cb400000, 0x00000000cb500000|  0%| F|  |TAMS 0x00000000cb400000| PB 0x00000000cb400000| Untracked 
| 157|0x00000000cb500000, 0x00000000cb500000, 0x00000000cb600000|  0%| F|  |TAMS 0x00000000cb500000| PB 0x00000000cb500000| Untracked 
| 158|0x00000000cb600000, 0x00000000cb600000, 0x00000000cb700000|  0%| F|  |TAMS 0x00000000cb600000| PB 0x00000000cb600000| Untracked 
| 159|0x00000000cb700000, 0x00000000cb700000, 0x00000000cb800000|  0%| F|  |TAMS 0x00000000cb700000| PB 0x00000000cb700000| Untracked 
| 160|0x00000000cb800000, 0x00000000cb800000, 0x00000000cb900000|  0%| F|  |TAMS 0x00000000cb800000| PB 0x00000000cb800000| Untracked 
| 161|0x00000000cb900000, 0x00000000cb900000, 0x00000000cba00000|  0%| F|  |TAMS 0x00000000cb900000| PB 0x00000000cb900000| Untracked 
| 162|0x00000000cba00000, 0x00000000cbb00000, 0x00000000cbb00000|100%| S|CS|TAMS 0x00000000cba00000| PB 0x00000000cba00000| Complete 
| 163|0x00000000cbb00000, 0x00000000cbc00000, 0x00000000cbc00000|100%| S|CS|TAMS 0x00000000cbb00000| PB 0x00000000cbb00000| Complete 
| 164|0x00000000cbc00000, 0x00000000cbc00000, 0x00000000cbd00000|  0%| F|  |TAMS 0x00000000cbc00000| PB 0x00000000cbc00000| Untracked 
| 165|0x00000000cbd00000, 0x00000000cbd00000, 0x00000000cbe00000|  0%| F|  |TAMS 0x00000000cbd00000| PB 0x00000000cbd00000| Untracked 
| 166|0x00000000cbe00000, 0x00000000cbe00000, 0x00000000cbf00000|  0%| F|  |TAMS 0x00000000cbe00000| PB 0x00000000cbe00000| Untracked 
| 167|0x00000000cbf00000, 0x00000000cbf00000, 0x00000000cc000000|  0%| F|  |TAMS 0x00000000cbf00000| PB 0x00000000cbf00000| Untracked 
| 168|0x00000000cc000000, 0x00000000cc000000, 0x00000000cc100000|  0%| F|  |TAMS 0x00000000cc000000| PB 0x00000000cc000000| Untracked 
| 169|0x00000000cc100000, 0x00000000cc100000, 0x00000000cc200000|  0%| F|  |TAMS 0x00000000cc100000| PB 0x00000000cc100000| Untracked 
| 170|0x00000000cc200000, 0x00000000cc200000, 0x00000000cc300000|  0%| F|  |TAMS 0x00000000cc200000| PB 0x00000000cc200000| Untracked 
| 171|0x00000000cc300000, 0x00000000cc300000, 0x00000000cc400000|  0%| F|  |TAMS 0x00000000cc300000| PB 0x00000000cc300000| Untracked 
| 172|0x00000000cc400000, 0x00000000cc500000, 0x00000000cc500000|100%| S|CS|TAMS 0x00000000cc400000| PB 0x00000000cc400000| Complete 
| 173|0x00000000cc500000, 0x00000000cc600000, 0x00000000cc600000|100%| S|CS|TAMS 0x00000000cc500000| PB 0x00000000cc500000| Complete 
| 174|0x00000000cc600000, 0x00000000cc700000, 0x00000000cc700000|100%| S|CS|TAMS 0x00000000cc600000| PB 0x00000000cc600000| Complete 
| 175|0x00000000cc700000, 0x00000000cc800000, 0x00000000cc800000|100%| S|CS|TAMS 0x00000000cc700000| PB 0x00000000cc700000| Complete 
| 176|0x00000000cc800000, 0x00000000cc900000, 0x00000000cc900000|100%| S|CS|TAMS 0x00000000cc800000| PB 0x00000000cc800000| Complete 
| 177|0x00000000cc900000, 0x00000000cca00000, 0x00000000cca00000|100%| S|CS|TAMS 0x00000000cc900000| PB 0x00000000cc900000| Complete 
| 178|0x00000000cca00000, 0x00000000ccb00000, 0x00000000ccb00000|100%| S|CS|TAMS 0x00000000cca00000| PB 0x00000000cca00000| Complete 
| 179|0x00000000ccb00000, 0x00000000ccc00000, 0x00000000ccc00000|100%| S|CS|TAMS 0x00000000ccb00000| PB 0x00000000ccb00000| Complete 
| 180|0x00000000ccc00000, 0x00000000ccc00000, 0x00000000ccd00000|  0%| F|  |TAMS 0x00000000ccc00000| PB 0x00000000ccc00000| Untracked 
| 181|0x00000000ccd00000, 0x00000000ccd00000, 0x00000000cce00000|  0%| F|  |TAMS 0x00000000ccd00000| PB 0x00000000ccd00000| Untracked 
| 182|0x00000000cce00000, 0x00000000cce00000, 0x00000000ccf00000|  0%| F|  |TAMS 0x00000000cce00000| PB 0x00000000cce00000| Untracked 
| 183|0x00000000ccf00000, 0x00000000ccf00000, 0x00000000cd000000|  0%| F|  |TAMS 0x00000000ccf00000| PB 0x00000000ccf00000| Untracked 
| 184|0x00000000cd000000, 0x00000000cd000000, 0x00000000cd100000|  0%| F|  |TAMS 0x00000000cd000000| PB 0x00000000cd000000| Untracked 
| 185|0x00000000cd100000, 0x00000000cd100000, 0x00000000cd200000|  0%| F|  |TAMS 0x00000000cd100000| PB 0x00000000cd100000| Untracked 
| 186|0x00000000cd200000, 0x00000000cd200000, 0x00000000cd300000|  0%| F|  |TAMS 0x00000000cd200000| PB 0x00000000cd200000| Untracked 
| 187|0x00000000cd300000, 0x00000000cd300000, 0x00000000cd400000|  0%| F|  |TAMS 0x00000000cd300000| PB 0x00000000cd300000| Untracked 
| 188|0x00000000cd400000, 0x00000000cd400000, 0x00000000cd500000|  0%| F|  |TAMS 0x00000000cd400000| PB 0x00000000cd400000| Untracked 
| 189|0x00000000cd500000, 0x00000000cd500000, 0x00000000cd600000|  0%| F|  |TAMS 0x00000000cd500000| PB 0x00000000cd500000| Untracked 
| 190|0x00000000cd600000, 0x00000000cd600000, 0x00000000cd700000|  0%| F|  |TAMS 0x00000000cd600000| PB 0x00000000cd600000| Untracked 
| 191|0x00000000cd700000, 0x00000000cd700000, 0x00000000cd800000|  0%| F|  |TAMS 0x00000000cd700000| PB 0x00000000cd700000| Untracked 
| 192|0x00000000cd800000, 0x00000000cd800000, 0x00000000cd900000|  0%| F|  |TAMS 0x00000000cd800000| PB 0x00000000cd800000| Untracked 
| 193|0x00000000cd900000, 0x00000000cd900000, 0x00000000cda00000|  0%| F|  |TAMS 0x00000000cd900000| PB 0x00000000cd900000| Untracked 
| 194|0x00000000cda00000, 0x00000000cda00000, 0x00000000cdb00000|  0%| F|  |TAMS 0x00000000cda00000| PB 0x00000000cda00000| Untracked 
| 195|0x00000000cdb00000, 0x00000000cdb00000, 0x00000000cdc00000|  0%| F|  |TAMS 0x00000000cdb00000| PB 0x00000000cdb00000| Untracked 
| 196|0x00000000cdc00000, 0x00000000cdc00000, 0x00000000cdd00000|  0%| F|  |TAMS 0x00000000cdc00000| PB 0x00000000cdc00000| Untracked 
| 197|0x00000000cdd00000, 0x00000000cdd00000, 0x00000000cde00000|  0%| F|  |TAMS 0x00000000cdd00000| PB 0x00000000cdd00000| Untracked 
| 198|0x00000000cde00000, 0x00000000cde00000, 0x00000000cdf00000|  0%| F|  |TAMS 0x00000000cde00000| PB 0x00000000cde00000| Untracked 
| 199|0x00000000cdf00000, 0x00000000cdf00000, 0x00000000ce000000|  0%| F|  |TAMS 0x00000000cdf00000| PB 0x00000000cdf00000| Untracked 
| 200|0x00000000ce000000, 0x00000000ce000000, 0x00000000ce100000|  0%| F|  |TAMS 0x00000000ce000000| PB 0x00000000ce000000| Untracked 
| 201|0x00000000ce100000, 0x00000000ce100000, 0x00000000ce200000|  0%| F|  |TAMS 0x00000000ce100000| PB 0x00000000ce100000| Untracked 
| 202|0x00000000ce200000, 0x00000000ce200000, 0x00000000ce300000|  0%| F|  |TAMS 0x00000000ce200000| PB 0x00000000ce200000| Untracked 
| 203|0x00000000ce300000, 0x00000000ce300000, 0x00000000ce400000|  0%| F|  |TAMS 0x00000000ce300000| PB 0x00000000ce300000| Untracked 
| 204|0x00000000ce400000, 0x00000000ce400000, 0x00000000ce500000|  0%| F|  |TAMS 0x00000000ce400000| PB 0x00000000ce400000| Untracked 
| 205|0x00000000ce500000, 0x00000000ce500000, 0x00000000ce600000|  0%| F|  |TAMS 0x00000000ce500000| PB 0x00000000ce500000| Untracked 
| 206|0x00000000ce600000, 0x00000000ce600000, 0x00000000ce700000|  0%| F|  |TAMS 0x00000000ce600000| PB 0x00000000ce600000| Untracked 
| 207|0x00000000ce700000, 0x00000000ce700000, 0x00000000ce800000|  0%| F|  |TAMS 0x00000000ce700000| PB 0x00000000ce700000| Untracked 
| 208|0x00000000ce800000, 0x00000000ce800000, 0x00000000ce900000|  0%| F|  |TAMS 0x00000000ce800000| PB 0x00000000ce800000| Untracked 
| 209|0x00000000ce900000, 0x00000000ce900000, 0x00000000cea00000|  0%| F|  |TAMS 0x00000000ce900000| PB 0x00000000ce900000| Untracked 
| 210|0x00000000cea00000, 0x00000000cea00000, 0x00000000ceb00000|  0%| F|  |TAMS 0x00000000cea00000| PB 0x00000000cea00000| Untracked 
| 211|0x00000000ceb00000, 0x00000000ceb00000, 0x00000000cec00000|  0%| F|  |TAMS 0x00000000ceb00000| PB 0x00000000ceb00000| Untracked 
| 212|0x00000000cec00000, 0x00000000cec00000, 0x00000000ced00000|  0%| F|  |TAMS 0x00000000cec00000| PB 0x00000000cec00000| Untracked 
| 213|0x00000000ced00000, 0x00000000ced00000, 0x00000000cee00000|  0%| F|  |TAMS 0x00000000ced00000| PB 0x00000000ced00000| Untracked 
| 214|0x00000000cee00000, 0x00000000cee00000, 0x00000000cef00000|  0%| F|  |TAMS 0x00000000cee00000| PB 0x00000000cee00000| Untracked 
| 215|0x00000000cef00000, 0x00000000cef00000, 0x00000000cf000000|  0%| F|  |TAMS 0x00000000cef00000| PB 0x00000000cef00000| Untracked 
| 216|0x00000000cf000000, 0x00000000cf000000, 0x00000000cf100000|  0%| F|  |TAMS 0x00000000cf000000| PB 0x00000000cf000000| Untracked 
| 217|0x00000000cf100000, 0x00000000cf100000, 0x00000000cf200000|  0%| F|  |TAMS 0x00000000cf100000| PB 0x00000000cf100000| Untracked 
| 218|0x00000000cf200000, 0x00000000cf200000, 0x00000000cf300000|  0%| F|  |TAMS 0x00000000cf200000| PB 0x00000000cf200000| Untracked 
| 219|0x00000000cf300000, 0x00000000cf300000, 0x00000000cf400000|  0%| F|  |TAMS 0x00000000cf300000| PB 0x00000000cf300000| Untracked 
| 220|0x00000000cf400000, 0x00000000cf400000, 0x00000000cf500000|  0%| F|  |TAMS 0x00000000cf400000| PB 0x00000000cf400000| Untracked 
| 221|0x00000000cf500000, 0x00000000cf500000, 0x00000000cf600000|  0%| F|  |TAMS 0x00000000cf500000| PB 0x00000000cf500000| Untracked 
| 222|0x00000000cf600000, 0x00000000cf600000, 0x00000000cf700000|  0%| F|  |TAMS 0x00000000cf600000| PB 0x00000000cf600000| Untracked 
| 223|0x00000000cf700000, 0x00000000cf700000, 0x00000000cf800000|  0%| F|  |TAMS 0x00000000cf700000| PB 0x00000000cf700000| Untracked 
| 224|0x00000000cf800000, 0x00000000cf800000, 0x00000000cf900000|  0%| F|  |TAMS 0x00000000cf800000| PB 0x00000000cf800000| Untracked 
| 225|0x00000000cf900000, 0x00000000cf900000, 0x00000000cfa00000|  0%| F|  |TAMS 0x00000000cf900000| PB 0x00000000cf900000| Untracked 
| 226|0x00000000cfa00000, 0x00000000cfa00000, 0x00000000cfb00000|  0%| F|  |TAMS 0x00000000cfa00000| PB 0x00000000cfa00000| Untracked 
| 227|0x00000000cfb00000, 0x00000000cfb00000, 0x00000000cfc00000|  0%| F|  |TAMS 0x00000000cfb00000| PB 0x00000000cfb00000| Untracked 
| 228|0x00000000cfc00000, 0x00000000cfd00000, 0x00000000cfd00000|100%| E|  |TAMS 0x00000000cfc00000| PB 0x00000000cfc00000| Complete 
| 229|0x00000000cfd00000, 0x00000000cfe00000, 0x00000000cfe00000|100%| E|CS|TAMS 0x00000000cfd00000| PB 0x00000000cfd00000| Complete 
| 230|0x00000000cfe00000, 0x00000000cff00000, 0x00000000cff00000|100%| E|CS|TAMS 0x00000000cfe00000| PB 0x00000000cfe00000| Complete 
| 231|0x00000000cff00000, 0x00000000d0000000, 0x00000000d0000000|100%| E|CS|TAMS 0x00000000cff00000| PB 0x00000000cff00000| Complete 
| 232|0x00000000d0000000, 0x00000000d0100000, 0x00000000d0100000|100%| E|CS|TAMS 0x00000000d0000000| PB 0x00000000d0000000| Complete 
| 233|0x00000000d0100000, 0x00000000d0200000, 0x00000000d0200000|100%| E|CS|TAMS 0x00000000d0100000| PB 0x00000000d0100000| Complete 
| 234|0x00000000d0200000, 0x00000000d0300000, 0x00000000d0300000|100%| E|CS|TAMS 0x00000000d0200000| PB 0x00000000d0200000| Complete 
| 235|0x00000000d0300000, 0x00000000d0400000, 0x00000000d0400000|100%| E|CS|TAMS 0x00000000d0300000| PB 0x00000000d0300000| Complete 
| 236|0x00000000d0400000, 0x00000000d0500000, 0x00000000d0500000|100%| E|CS|TAMS 0x00000000d0400000| PB 0x00000000d0400000| Complete 
| 237|0x00000000d0500000, 0x00000000d0600000, 0x00000000d0600000|100%| E|CS|TAMS 0x00000000d0500000| PB 0x00000000d0500000| Complete 
| 238|0x00000000d0600000, 0x00000000d0700000, 0x00000000d0700000|100%| E|CS|TAMS 0x00000000d0600000| PB 0x00000000d0600000| Complete 
| 239|0x00000000d0700000, 0x00000000d0800000, 0x00000000d0800000|100%| E|CS|TAMS 0x00000000d0700000| PB 0x00000000d0700000| Complete 
| 240|0x00000000d0800000, 0x00000000d0900000, 0x00000000d0900000|100%| E|CS|TAMS 0x00000000d0800000| PB 0x00000000d0800000| Complete 
| 241|0x00000000d0900000, 0x00000000d0a00000, 0x00000000d0a00000|100%| E|CS|TAMS 0x00000000d0900000| PB 0x00000000d0900000| Complete 
| 242|0x00000000d0a00000, 0x00000000d0b00000, 0x00000000d0b00000|100%| E|CS|TAMS 0x00000000d0a00000| PB 0x00000000d0a00000| Complete 
| 243|0x00000000d0b00000, 0x00000000d0c00000, 0x00000000d0c00000|100%| E|CS|TAMS 0x00000000d0b00000| PB 0x00000000d0b00000| Complete 
| 244|0x00000000d0c00000, 0x00000000d0d00000, 0x00000000d0d00000|100%| E|CS|TAMS 0x00000000d0c00000| PB 0x00000000d0c00000| Complete 
| 245|0x00000000d0d00000, 0x00000000d0e00000, 0x00000000d0e00000|100%| E|CS|TAMS 0x00000000d0d00000| PB 0x00000000d0d00000| Complete 
| 246|0x00000000d0e00000, 0x00000000d0f00000, 0x00000000d0f00000|100%| E|CS|TAMS 0x00000000d0e00000| PB 0x00000000d0e00000| Complete 
| 247|0x00000000d0f00000, 0x00000000d1000000, 0x00000000d1000000|100%| E|CS|TAMS 0x00000000d0f00000| PB 0x00000000d0f00000| Complete 
| 248|0x00000000d1000000, 0x00000000d1100000, 0x00000000d1100000|100%| E|CS|TAMS 0x00000000d1000000| PB 0x00000000d1000000| Complete 
| 249|0x00000000d1100000, 0x00000000d1200000, 0x00000000d1200000|100%| E|CS|TAMS 0x00000000d1100000| PB 0x00000000d1100000| Complete 
| 250|0x00000000d1200000, 0x00000000d1300000, 0x00000000d1300000|100%| E|CS|TAMS 0x00000000d1200000| PB 0x00000000d1200000| Complete 
| 251|0x00000000d1300000, 0x00000000d1400000, 0x00000000d1400000|100%| E|CS|TAMS 0x00000000d1300000| PB 0x00000000d1300000| Complete 
| 252|0x00000000d1400000, 0x00000000d1500000, 0x00000000d1500000|100%| E|CS|TAMS 0x00000000d1400000| PB 0x00000000d1400000| Complete 
| 253|0x00000000d1500000, 0x00000000d1600000, 0x00000000d1600000|100%| E|CS|TAMS 0x00000000d1500000| PB 0x00000000d1500000| Complete 
| 254|0x00000000d1600000, 0x00000000d1700000, 0x00000000d1700000|100%| E|CS|TAMS 0x00000000d1600000| PB 0x00000000d1600000| Complete 
| 255|0x00000000d1700000, 0x00000000d1800000, 0x00000000d1800000|100%| E|CS|TAMS 0x00000000d1700000| PB 0x00000000d1700000| Complete 
| 256|0x00000000d1800000, 0x00000000d1900000, 0x00000000d1900000|100%| E|CS|TAMS 0x00000000d1800000| PB 0x00000000d1800000| Complete 
| 257|0x00000000d1900000, 0x00000000d1a00000, 0x00000000d1a00000|100%| E|CS|TAMS 0x00000000d1900000| PB 0x00000000d1900000| Complete 
| 258|0x00000000d1a00000, 0x00000000d1b00000, 0x00000000d1b00000|100%| E|CS|TAMS 0x00000000d1a00000| PB 0x00000000d1a00000| Complete 
| 259|0x00000000d1b00000, 0x00000000d1c00000, 0x00000000d1c00000|100%| E|CS|TAMS 0x00000000d1b00000| PB 0x00000000d1b00000| Complete 
| 260|0x00000000d1c00000, 0x00000000d1d00000, 0x00000000d1d00000|100%| E|CS|TAMS 0x00000000d1c00000| PB 0x00000000d1c00000| Complete 
| 261|0x00000000d1d00000, 0x00000000d1e00000, 0x00000000d1e00000|100%| E|CS|TAMS 0x00000000d1d00000| PB 0x00000000d1d00000| Complete 
| 262|0x00000000d1e00000, 0x00000000d1f00000, 0x00000000d1f00000|100%| E|CS|TAMS 0x00000000d1e00000| PB 0x00000000d1e00000| Complete 
| 263|0x00000000d1f00000, 0x00000000d2000000, 0x00000000d2000000|100%| E|CS|TAMS 0x00000000d1f00000| PB 0x00000000d1f00000| Complete 
| 264|0x00000000d2000000, 0x00000000d2100000, 0x00000000d2100000|100%| E|CS|TAMS 0x00000000d2000000| PB 0x00000000d2000000| Complete 
| 265|0x00000000d2100000, 0x00000000d2200000, 0x00000000d2200000|100%| E|CS|TAMS 0x00000000d2100000| PB 0x00000000d2100000| Complete 
| 266|0x00000000d2200000, 0x00000000d2300000, 0x00000000d2300000|100%| E|CS|TAMS 0x00000000d2200000| PB 0x00000000d2200000| Complete 
| 267|0x00000000d2300000, 0x00000000d2400000, 0x00000000d2400000|100%| E|CS|TAMS 0x00000000d2300000| PB 0x00000000d2300000| Complete 
| 268|0x00000000d2400000, 0x00000000d2500000, 0x00000000d2500000|100%| E|CS|TAMS 0x00000000d2400000| PB 0x00000000d2400000| Complete 
| 269|0x00000000d2500000, 0x00000000d2600000, 0x00000000d2600000|100%| E|CS|TAMS 0x00000000d2500000| PB 0x00000000d2500000| Complete 
| 270|0x00000000d2600000, 0x00000000d2700000, 0x00000000d2700000|100%| E|CS|TAMS 0x00000000d2600000| PB 0x00000000d2600000| Complete 
| 271|0x00000000d2700000, 0x00000000d2800000, 0x00000000d2800000|100%| E|CS|TAMS 0x00000000d2700000| PB 0x00000000d2700000| Complete 
| 272|0x00000000d2800000, 0x00000000d2900000, 0x00000000d2900000|100%| E|CS|TAMS 0x00000000d2800000| PB 0x00000000d2800000| Complete 
| 991|0x00000000ff700000, 0x00000000ff800000, 0x00000000ff800000|100%| E|CS|TAMS 0x00000000ff700000| PB 0x00000000ff700000| Complete 
| 992|0x00000000ff800000, 0x00000000ff900000, 0x00000000ff900000|100%| O|  |TAMS 0x00000000ff800000| PB 0x00000000ff800000| Untracked 
| 993|0x00000000ff900000, 0x00000000ffa00000, 0x00000000ffa00000|100%| O|  |TAMS 0x00000000ff900000| PB 0x00000000ff900000| Untracked 
| 994|0x00000000ffa00000, 0x00000000ffb00000, 0x00000000ffb00000|100%| O|  |TAMS 0x00000000ffa00000| PB 0x00000000ffa00000| Untracked 
| 995|0x00000000ffb00000, 0x00000000ffc00000, 0x00000000ffc00000|100%| O|  |TAMS 0x00000000ffb00000| PB 0x00000000ffb00000| Untracked 
| 996|0x00000000ffc00000, 0x00000000ffd00000, 0x00000000ffd00000|100%| E|CS|TAMS 0x00000000ffc00000| PB 0x00000000ffc00000| Complete 
| 997|0x00000000ffd00000, 0x00000000ffe00000, 0x00000000ffe00000|100%| E|CS|TAMS 0x00000000ffd00000| PB 0x00000000ffd00000| Complete 
| 998|0x00000000ffe00000, 0x00000000fff00000, 0x00000000fff00000|100%| O|  |TAMS 0x00000000ffe00000| PB 0x00000000ffe00000| Untracked 
| 999|0x00000000fff00000, 0x0000000100000000, 0x0000000100000000|100%| O|  |TAMS 0x00000000fff00000| PB 0x00000000fff00000| Untracked 

Card table byte_map: [0x00000273fbc40000,0x00000273fbe40000] _byte_map_base: 0x00000273fb634000

Marking Bits: (CMBitMap*) 0x00000273e95e5820
 Bits: [0x00000273fbe40000, 0x00000273fcde0000)

Polling page: 0x00000273e73f0000

Metaspace:

Usage:
  Non-class:     87.81 MB used.
      Class:     10.14 MB used.
       Both:     97.95 MB used.

Virtual space:
  Non-class space:      128.00 MB reserved,      88.25 MB ( 69%) committed,  2 nodes.
      Class space:        1.00 GB reserved,      10.56 MB (  1%) committed,  1 nodes.
             Both:        1.12 GB reserved,      98.81 MB (  9%) committed. 

Chunk freelists:
   Non-Class:  7.41 MB
       Class:  5.41 MB
        Both:  12.81 MB

MaxMetaspaceSize: unlimited
CompressedClassSpaceSize: 1.00 GB
Initial GC threshold: 21.00 MB
Current GC threshold: 164.62 MB
CDS: off
 - commit_granule_bytes: 65536.
 - commit_granule_words: 8192.
 - virtual_space_node_default_size: 8388608.
 - enlarge_chunks_in_place: 1.
 - use_allocation_guard: 0.


Internal statistics:

num_allocs_failed_limit: 6.
num_arena_births: 1496.
num_arena_deaths: 0.
num_vsnodes_births: 3.
num_vsnodes_deaths: 0.
num_space_committed: 1579.
num_space_uncommitted: 0.
num_chunks_returned_to_freelist: 6.
num_chunks_taken_from_freelist: 4976.
num_chunk_merges: 6.
num_chunk_splits: 3839.
num_chunks_enlarged: 3076.
num_inconsistent_stats: 0.

CodeHeap 'non-profiled nmethods': size=120000Kb used=9189Kb max_used=10165Kb free=110810Kb
 bounds [0x00000273f41e0000, 0x00000273f4c00000, 0x00000273fb710000]
CodeHeap 'profiled nmethods': size=120000Kb used=52566Kb max_used=57943Kb free=67433Kb
 bounds [0x00000273ec710000, 0x00000273efff0000, 0x00000273f3c40000]
CodeHeap 'non-nmethods': size=5760Kb used=1788Kb max_used=1873Kb free=3971Kb
 bounds [0x00000273f3c40000, 0x00000273f3eb0000, 0x00000273f41e0000]
 total_blobs=19017 nmethods=18221 adapters=695
 compilation: enabled
              stopped_count=0, restarted_count=0
 full_count=0

Compilation events (20 events):
Event: 40.055 Thread 0x00000273ff9bb730 27198       2       org.jetbrains.kotlin.codegen.optimization.fixStack.FixStackAnalyzer$InternalAnalyzer::saveStackAndClear (25 bytes)
Event: 40.055 Thread 0x00000273ff9bb730 nmethod 27198 0x00000273ecb6ac10 code [0x00000273ecb6ade0, 0x00000273ecb6afa0]
Event: 40.058 Thread 0x00000273ff9bb730 27200       2       org.jetbrains.kotlin.codegen.coroutines.UninitializedStoresProcessor$UninitializedNewValueMarkerInterpreter::analyzePop (83 bytes)
Event: 40.060 Thread 0x00000273ff9bb730 nmethod 27200 0x00000273ed500910 code [0x00000273ed500c80, 0x00000273ed5018c8]
Event: 40.072 Thread 0x00000273ff9bb730 27201       1       org.jetbrains.kotlin.ir.declarations.DescriptorMetadataSource$Property::getDescriptor (5 bytes)
Event: 40.072 Thread 0x00000273ff9bb730 nmethod 27201 0x00000273f4350c90 code [0x00000273f4350e20, 0x00000273f4350ee8]
Event: 40.079 Thread 0x00000273ff9b7110 nmethod 27168 0x00000273f4ad2b90 code [0x00000273f4ad2ea0, 0x00000273f4ad4118]
Event: 40.079 Thread 0x00000273ff9b7110 27199   !   4       org.jetbrains.kotlin.codegen.optimization.common.FastMethodAnalyzer::analyze (796 bytes)
Event: 40.082 Thread 0x00000273ff9bb730 27202       2       org.jetbrains.kotlin.codegen.ClassFileFactory$$Lambda/0x0000000100a95d70::invoke (12 bytes)
Event: 40.082 Thread 0x00000273ff9bb730 nmethod 27202 0x00000273ecb81810 code [0x00000273ecb819c0, 0x00000273ecb81c10]
Event: 40.082 Thread 0x00000273ff9bb730 27204       2       org.jetbrains.kotlin.codegen.ClassFileFactory$OutputClassFile::<init> (15 bytes)
Event: 40.082 Thread 0x00000273ff9bb730 nmethod 27204 0x00000273ecbc9790 code [0x00000273ecbc9940, 0x00000273ecbc9af0]
Event: 40.082 Thread 0x00000273ff9bb730 27203       2       org.jetbrains.kotlin.codegen.ClassFileFactory::lambda$getCurrentOutput$0 (10 bytes)
Event: 40.082 Thread 0x00000273ff9bb730 nmethod 27203 0x00000273ec986010 code [0x00000273ec9861c0, 0x00000273ec9863d8]
Event: 40.211 Thread 0x00000273ff9bb730 27205       2       org.jetbrains.org.objectweb.asm.ByteVector::putByteArray (49 bytes)
Event: 40.211 Thread 0x00000273ff9bb730 nmethod 27205 0x00000273ecbdb890 code [0x00000273ecbdba40, 0x00000273ecbdbc90]
Event: 40.211 Thread 0x00000273ff9bb730 27206       2       java.io.File::isDirectory (34 bytes)
Event: 40.212 Thread 0x00000273ff9bb730 nmethod 27206 0x00000273eca01e10 code [0x00000273eca01fc0, 0x00000273eca02168]
Event: 40.230 Thread 0x00000273ff9bb730 27207       2       com.jetbrains.internal.IoOverNio$Debug::writeTraces (20 bytes)
Event: 40.230 Thread 0x00000273ff9bb730 nmethod 27207 0x00000273eca33710 code [0x00000273eca338c0, 0x00000273eca33a80]

GC Heap History (20 events):
Event: 30.884 GC heap before
{Heap before GC invocations=35 (full 0):
 garbage-first heap   total 226304K, used 202330K [0x00000000c1800000, 0x0000000100000000)
  region size 1024K, 73 young (74752K), 11 survivors (11264K)
 Metaspace       used 82207K, committed 83072K, reserved 1179648K
  class space    used 8935K, committed 9344K, reserved 1048576K
}
Event: 30.914 GC heap after
{Heap after GC invocations=36 (full 0):
 garbage-first heap   total 226304K, used 151197K [0x00000000c1800000, 0x0000000100000000)
  region size 1024K, 10 young (10240K), 10 survivors (10240K)
 Metaspace       used 82207K, committed 83072K, reserved 1179648K
  class space    used 8935K, committed 9344K, reserved 1048576K
}
Event: 32.069 GC heap before
{Heap before GC invocations=37 (full 0):
 garbage-first heap   total 249856K, used 200349K [0x00000000c1800000, 0x0000000100000000)
  region size 1024K, 60 young (61440K), 10 survivors (10240K)
 Metaspace       used 90702K, committed 91584K, reserved 1179648K
  class space    used 9803K, committed 10240K, reserved 1048576K
}
Event: 32.090 GC heap after
{Heap after GC invocations=38 (full 0):
 garbage-first heap   total 249856K, used 154624K [0x00000000c1800000, 0x0000000100000000)
  region size 1024K, 5 young (5120K), 5 survivors (5120K)
 Metaspace       used 90702K, committed 91584K, reserved 1179648K
  class space    used 9803K, committed 10240K, reserved 1048576K
}
Event: 34.015 GC heap before
{Heap before GC invocations=38 (full 0):
 garbage-first heap   total 249856K, used 224256K [0x00000000c1800000, 0x0000000100000000)
  region size 1024K, 73 young (74752K), 5 survivors (5120K)
 Metaspace       used 94150K, committed 94976K, reserved 1179648K
  class space    used 10001K, committed 10432K, reserved 1048576K
}
Event: 34.031 GC heap after
{Heap after GC invocations=39 (full 0):
 garbage-first heap   total 249856K, used 153395K [0x00000000c1800000, 0x0000000100000000)
  region size 1024K, 8 young (8192K), 8 survivors (8192K)
 Metaspace       used 94150K, committed 94976K, reserved 1179648K
  class space    used 10001K, committed 10432K, reserved 1048576K
}
Event: 35.713 GC heap before
{Heap before GC invocations=39 (full 0):
 garbage-first heap   total 249856K, used 226099K [0x00000000c1800000, 0x0000000100000000)
  region size 1024K, 79 young (80896K), 8 survivors (8192K)
 Metaspace       used 99086K, committed 99968K, reserved 1179648K
  class space    used 10349K, committed 10752K, reserved 1048576K
}
Event: 35.729 GC heap after
{Heap after GC invocations=40 (full 0):
 garbage-first heap   total 249856K, used 158679K [0x00000000c1800000, 0x0000000100000000)
  region size 1024K, 9 young (9216K), 9 survivors (9216K)
 Metaspace       used 99086K, committed 99968K, reserved 1179648K
  class space    used 10349K, committed 10752K, reserved 1048576K
}
Event: 36.599 GC heap before
{Heap before GC invocations=41 (full 0):
 garbage-first heap   total 266240K, used 226263K [0x00000000c1800000, 0x0000000100000000)
  region size 1024K, 75 young (76800K), 9 survivors (9216K)
 Metaspace       used 99594K, committed 100480K, reserved 1179648K
  class space    used 10361K, committed 10816K, reserved 1048576K
}
Event: 36.613 GC heap after
{Heap after GC invocations=42 (full 0):
 garbage-first heap   total 266240K, used 163090K [0x00000000c1800000, 0x0000000100000000)
  region size 1024K, 9 young (9216K), 9 survivors (9216K)
 Metaspace       used 99594K, committed 100480K, reserved 1179648K
  class space    used 10361K, committed 10816K, reserved 1048576K
}
Event: 37.093 GC heap before
{Heap before GC invocations=42 (full 0):
 garbage-first heap   total 266240K, used 242962K [0x00000000c1800000, 0x0000000100000000)
  region size 1024K, 87 young (89088K), 9 survivors (9216K)
 Metaspace       used 99794K, committed 100672K, reserved 1179648K
  class space    used 10369K, committed 10816K, reserved 1048576K
}
Event: 37.108 GC heap after
{Heap after GC invocations=43 (full 0):
 garbage-first heap   total 266240K, used 162052K [0x00000000c1800000, 0x0000000100000000)
  region size 1024K, 10 young (10240K), 10 survivors (10240K)
 Metaspace       used 99794K, committed 100672K, reserved 1179648K
  class space    used 10369K, committed 10816K, reserved 1048576K
}
Event: 37.754 GC heap before
{Heap before GC invocations=43 (full 0):
 garbage-first heap   total 266240K, used 241924K [0x00000000c1800000, 0x0000000100000000)
  region size 1024K, 88 young (90112K), 10 survivors (10240K)
 Metaspace       used 99925K, committed 100800K, reserved 1179648K
  class space    used 10371K, committed 10816K, reserved 1048576K
}
Event: 37.765 GC heap after
{Heap after GC invocations=44 (full 0):
 garbage-first heap   total 266240K, used 164760K [0x00000000c1800000, 0x0000000100000000)
  region size 1024K, 9 young (9216K), 9 survivors (9216K)
 Metaspace       used 99925K, committed 100800K, reserved 1179648K
  class space    used 10371K, committed 10816K, reserved 1048576K
}
Event: 38.439 GC heap before
{Heap before GC invocations=45 (full 0):
 garbage-first heap   total 276480K, used 241560K [0x00000000c1800000, 0x0000000100000000)
  region size 1024K, 84 young (86016K), 9 survivors (9216K)
 Metaspace       used 100030K, committed 100928K, reserved 1179648K
  class space    used 10374K, committed 10816K, reserved 1048576K
}
Event: 38.447 GC heap after
{Heap after GC invocations=46 (full 0):
 garbage-first heap   total 276480K, used 168330K [0x00000000c1800000, 0x0000000100000000)
  region size 1024K, 9 young (9216K), 9 survivors (9216K)
 Metaspace       used 100030K, committed 100928K, reserved 1179648K
  class space    used 10374K, committed 10816K, reserved 1048576K
}
Event: 38.881 GC heap before
{Heap before GC invocations=46 (full 0):
 garbage-first heap   total 276480K, used 252298K [0x00000000c1800000, 0x0000000100000000)
  region size 1024K, 91 young (93184K), 9 survivors (9216K)
 Metaspace       used 100188K, committed 101056K, reserved 1179648K
  class space    used 10375K, committed 10816K, reserved 1048576K
}
Event: 38.895 GC heap after
{Heap after GC invocations=47 (full 0):
 garbage-first heap   total 276480K, used 167726K [0x00000000c1800000, 0x0000000100000000)
  region size 1024K, 8 young (8192K), 8 survivors (8192K)
 Metaspace       used 100188K, committed 101056K, reserved 1179648K
  class space    used 10375K, committed 10816K, reserved 1048576K
}
Event: 39.502 GC heap before
{Heap before GC invocations=47 (full 0):
 garbage-first heap   total 276480K, used 253742K [0x00000000c1800000, 0x0000000100000000)
  region size 1024K, 92 young (94208K), 8 survivors (8192K)
 Metaspace       used 100241K, committed 101120K, reserved 1179648K
  class space    used 10375K, committed 10816K, reserved 1048576K
}
Event: 39.515 GC heap after
{Heap after GC invocations=48 (full 0):
 garbage-first heap   total 276480K, used 172784K [0x00000000c1800000, 0x0000000100000000)
  region size 1024K, 10 young (10240K), 10 survivors (10240K)
 Metaspace       used 100241K, committed 101120K, reserved 1179648K
  class space    used 10375K, committed 10816K, reserved 1048576K
}

Dll operation events (3 events):
Event: 0.046 Loaded shared library C:\Program Files\Android\Android Studio\jbr\bin\java.dll
Event: 0.068 Loaded shared library C:\Program Files\Android\Android Studio\jbr\bin\zip.dll
Event: 2.367 Loaded shared library C:\Program Files\Android\Android Studio\jbr\bin\verify.dll

Deoptimization events (20 events):
Event: 40.022 Thread 0x00000273e72512c0 DEOPT PACKING pc=0x00000273efe412bd sp=0x000000d536cfd260
Event: 40.022 Thread 0x00000273e72512c0 DEOPT UNPACKING pc=0x00000273f3c94e42 sp=0x000000d536cfc6f0 mode 0
Event: 40.022 Thread 0x00000273e72512c0 Uncommon trap: trap_request=0xffffff45 fr.pc=0x00000273f42cab00 relative=0x0000000000000760
Event: 40.022 Thread 0x00000273e72512c0 Uncommon trap: reason=unstable_if action=reinterpret pc=0x00000273f42cab00 method=org.jetbrains.kotlin.codegen.optimization.common.StrictBasicValue.equals(Ljava/lang/Object;)Z @ 46 c2
Event: 40.022 Thread 0x00000273e72512c0 DEOPT PACKING pc=0x00000273f42cab00 sp=0x000000d536cfd150
Event: 40.022 Thread 0x00000273e72512c0 DEOPT UNPACKING pc=0x00000273f3c946a2 sp=0x000000d536cfcfc8 mode 2
Event: 40.034 Thread 0x00000273e72512c0 Uncommon trap: trap_request=0xffffffde fr.pc=0x00000273f47e9d34 relative=0x00000000000009f4
Event: 40.034 Thread 0x00000273e72512c0 Uncommon trap: reason=class_check action=maybe_recompile pc=0x00000273f47e9d34 method=org.jetbrains.kotlin.types.checker.ClassicTypeSystemContext$DefaultImpls.typeDepth(Lorg/jetbrains/kotlin/types/checker/ClassicTypeSystemContext;Lorg/jetbrains/kotlin/typ
Event: 40.034 Thread 0x00000273e72512c0 DEOPT PACKING pc=0x00000273f47e9d34 sp=0x000000d536cfb5a0
Event: 40.035 Thread 0x00000273e72512c0 DEOPT UNPACKING pc=0x00000273f3c946a2 sp=0x000000d536cfb450 mode 2
Event: 40.043 Thread 0x00000273e72512c0 Uncommon trap: trap_request=0xffffff45 fr.pc=0x00000273f42aaa44 relative=0x0000000000000b64
Event: 40.043 Thread 0x00000273e72512c0 Uncommon trap: reason=unstable_if action=reinterpret pc=0x00000273f42aaa44 method=org.jetbrains.kotlin.backend.jvm.ir.JvmIrTypeUtilsKt.eraseTypeParameters(Lorg/jetbrains/kotlin/ir/types/IrType;)Lorg/jetbrains/kotlin/ir/types/IrType; @ 374 c2
Event: 40.043 Thread 0x00000273e72512c0 DEOPT PACKING pc=0x00000273f42aaa44 sp=0x000000d536cfc400
Event: 40.043 Thread 0x00000273e72512c0 DEOPT UNPACKING pc=0x00000273f3c946a2 sp=0x000000d536cfc310 mode 2
Event: 40.049 Thread 0x00000273e72512c0 DEOPT PACKING pc=0x00000273ef174380 sp=0x000000d536cfd530
Event: 40.049 Thread 0x00000273e72512c0 DEOPT UNPACKING pc=0x00000273f3c94e42 sp=0x000000d536cfcb78 mode 0
Event: 40.084 Thread 0x00000273e72512c0 Uncommon trap: trap_request=0xffffff45 fr.pc=0x00000273f4bae1c0 relative=0x0000000000001560
Event: 40.084 Thread 0x00000273e72512c0 Uncommon trap: reason=unstable_if action=reinterpret pc=0x00000273f4bae1c0 method=java.io.WinNTFileSystem.normalize(Ljava/lang/String;II)Ljava/lang/String; @ 8 c2
Event: 40.084 Thread 0x00000273e72512c0 DEOPT PACKING pc=0x00000273f4bae1c0 sp=0x000000d536cfe610
Event: 40.084 Thread 0x00000273e72512c0 DEOPT UNPACKING pc=0x00000273f3c946a2 sp=0x000000d536cfe5d0 mode 2

Classes loaded (20 events):
Event: 31.979 Loading class sun/security/jca/GetInstance$Instance
Event: 31.979 Loading class sun/security/jca/GetInstance$Instance done
Event: 31.979 Loading class java/security/MessageDigest$Delegate
Event: 31.979 Loading class sun/security/util/MessageDigestSpi2
Event: 31.979 Loading class sun/security/util/MessageDigestSpi2 done
Event: 31.979 Loading class java/security/MessageDigest$Delegate done
Event: 31.979 Loading class java/security/MessageDigest$Delegate$CloneableDelegate
Event: 31.979 Loading class java/security/MessageDigest$Delegate$CloneableDelegate done
Event: 31.979 Loading class sun/security/provider/ByteArrayAccess$LE
Event: 31.980 Loading class sun/security/provider/ByteArrayAccess$LE done
Event: 31.981 Loading class sun/security/provider/ByteArrayAccess
Event: 31.981 Loading class sun/security/provider/ByteArrayAccess done
Event: 31.981 Loading class java/util/Base64
Event: 31.981 Loading class java/util/Base64 done
Event: 31.981 Loading class java/util/Base64$Encoder
Event: 31.982 Loading class java/util/Base64$Encoder done
Event: 34.270 Loading class java/util/Vector$Itr
Event: 34.271 Loading class java/util/Vector$Itr done
Event: 40.103 Loading class java/io/FileOutputStream$1
Event: 40.105 Loading class java/io/FileOutputStream$1 done

Classes unloaded (0 events):
No events

Classes redefined (0 events):
No events

Internal exceptions (20 events):
Event: 10.846 Thread 0x00000273e72512c0 Exception <a 'java/lang/IncompatibleClassChangeError'{0x00000000cd1cdf70}: Found class java.lang.Object, but interface was expected> (0x00000000cd1cdf70) 
thrown [s\src\hotspot\share\interpreter\linkResolver.cpp, line 851]
Event: 12.020 Thread 0x00000273e72512c0 Implicit null exception at 0x00000273f4566a00 to 0x00000273f4567350
Event: 12.586 Thread 0x00000273e72512c0 Exception <a 'java/lang/NoSuchMethodError'{0x00000000c8ca4488}: 'java.lang.Object java.lang.invoke.DirectMethodHandle$Holder.invokeStatic(java.lang.Object, int, java.lang.Object, java.lang.Object)'> (0x00000000c8ca4488) 
thrown [s\src\hotspot\share\interpreter\linkResolver.cpp, line 784]
Event: 12.587 Thread 0x00000273e72512c0 Exception <a 'java/lang/NoSuchMethodError'{0x00000000c8cabe80}: 'java.lang.Object java.lang.invoke.DirectMethodHandle$Holder.newInvokeSpecial(java.lang.Object, int, java.lang.Object)'> (0x00000000c8cabe80) 
thrown [s\src\hotspot\share\interpreter\linkResolver.cpp, line 784]
Event: 17.796 Thread 0x00000273e72512c0 Exception <a 'java/lang/NoSuchMethodError'{0x00000000cc4fdae0}: 'void java.lang.invoke.DirectMethodHandle$Holder.invokeInterface(java.lang.Object, java.lang.Object)'> (0x00000000cc4fdae0) 
thrown [s\src\hotspot\share\interpreter\linkResolver.cpp, line 784]
Event: 26.737 Thread 0x00000273e72512c0 Implicit null exception at 0x00000273f49abe95 to 0x00000273f49afd64
Event: 27.191 Thread 0x00000273e72512c0 Exception <a 'java/lang/NoSuchMethodError'{0x00000000cc21bd18}: 'int java.lang.invoke.Invokers$Holder.invokeExact_MT(java.lang.Object, java.lang.Object, java.lang.Object)'> (0x00000000cc21bd18) 
thrown [s\src\hotspot\share\interpreter\linkResolver.cpp, line 784]
Event: 27.193 Thread 0x00000273e72512c0 Exception <a 'java/lang/NoSuchMethodError'{0x00000000cc220450}: 'void java.lang.invoke.Invokers$Holder.invokeExact_MT(java.lang.Object, java.lang.Object, java.lang.Object, java.lang.Object)'> (0x00000000cc220450) 
thrown [s\src\hotspot\share\interpreter\linkResolver.cpp, line 784]
Event: 27.207 Thread 0x00000273e72512c0 Implicit null exception at 0x00000273f46c4df7 to 0x00000273f46c539c
Event: 27.208 Thread 0x00000273e72512c0 Implicit null exception at 0x00000273f46c6363 to 0x00000273f46c67c0
Event: 27.226 Thread 0x00000273e72512c0 Exception <a 'java/lang/NoSuchMethodError'{0x00000000cc1435a0}: 'java.lang.Object java.lang.invoke.DirectMethodHandle$Holder.invokeStaticInit(java.lang.Object, java.lang.Object, java.lang.Object, java.lang.Object)'> (0x00000000cc1435a0) 
thrown [s\src\hotspot\share\interpreter\linkResolver.cpp, line 784]
Event: 27.530 Thread 0x00000273e72512c0 Exception <a 'java/lang/NoSuchMethodError'{0x00000000cb36a9c8}: 'java.lang.Object java.lang.invoke.DirectMethodHandle$Holder.newInvokeSpecial(java.lang.Object, java.lang.Object, java.lang.Object, int, int)'> (0x00000000cb36a9c8) 
thrown [s\src\hotspot\share\interpreter\linkResolver.cpp, line 784]
Event: 27.530 Thread 0x00000273e72512c0 Exception <a 'java/lang/NoSuchMethodError'{0x00000000cb36e5a8}: 'java.lang.Object java.lang.invoke.DirectMethodHandle$Holder.invokeSpecial(java.lang.Object, java.lang.Object, java.lang.Object, java.lang.Object, int, int)'> (0x00000000cb36e5a8) 
thrown [s\src\hotspot\share\interpreter\linkResolver.cpp, line 784]
Event: 27.952 Thread 0x00000273e72512c0 Implicit null exception at 0x00000273f4257940 to 0x00000273f4257bf8
Event: 28.124 Thread 0x00000273e72512c0 Exception <a 'java/lang/NoSuchMethodError'{0x00000000cfbcde48}: 'java.lang.Object java.lang.invoke.DirectMethodHandle$Holder.newInvokeSpecial(java.lang.Object, java.lang.Object, int, int, java.lang.Object, java.lang.Object, java.lang.Object)'> (0x00000000cfbcde48) 
thrown [s\src\hotspot\share\interpreter\linkResolver.cpp, line 784]
Event: 28.125 Thread 0x00000273e72512c0 Exception <a 'java/lang/NoSuchMethodError'{0x00000000cfbd2810}: 'java.lang.Object java.lang.invoke.DirectMethodHandle$Holder.invokeSpecial(java.lang.Object, java.lang.Object, java.lang.Object, int, int, java.lang.Object, java.lang.Object, java.lang.Object)'> (0x00000000cfbd2810) 
thrown [s\src\hotspot\share\interpreter\linkResolver.cpp, line 784]
Event: 28.191 Thread 0x00000273e72512c0 Exception <a 'java/lang/NoSuchMethodError'{0x00000000ce9ad3f0}: 'java.lang.Object java.lang.invoke.DirectMethodHandle$Holder.invokeSpecial(java.lang.Object, java.lang.Object, int, int, java.lang.Object, java.lang.Object, java.lang.Object, java.lang.Object, java.lang.Object)'> (0x00000000ce9ad3f0) 
thrown [s\src\hotspot\share\interpreter\linkResolver.cpp, line 784]
Event: 31.618 Thread 0x00000273e72512c0 Implicit null exception at 0x00000273f4ae36b3 to 0x00000273f4ae4274
Event: 32.915 Thread 0x00000273e72512c0 Implicit null exception at 0x00000273f4923ee0 to 0x00000273f4923fa1
Event: 36.331 Thread 0x00000273e72512c0 Implicit null exception at 0x00000273f46496a0 to 0x00000273f464a05c

ZGC Phase Switch (0 events):
No events

VM Operations (20 events):
Event: 37.386 Executing VM operation: ICBufferFull
Event: 37.386 Executing VM operation: ICBufferFull done
Event: 37.754 Executing VM operation: G1CollectForAllocation (G1 Evacuation Pause)
Event: 37.765 Executing VM operation: G1CollectForAllocation (G1 Evacuation Pause) done
Event: 38.006 Executing VM operation: G1PauseRemark
Event: 38.032 Executing VM operation: G1PauseRemark done
Event: 38.162 Executing VM operation: G1PauseCleanup
Event: 38.163 Executing VM operation: G1PauseCleanup done
Event: 38.439 Executing VM operation: G1CollectForAllocation (G1 Evacuation Pause)
Event: 38.447 Executing VM operation: G1CollectForAllocation (G1 Evacuation Pause) done
Event: 38.881 Executing VM operation: G1CollectForAllocation (G1 Evacuation Pause)
Event: 38.895 Executing VM operation: G1CollectForAllocation (G1 Evacuation Pause) done
Event: 39.481 Executing VM operation: ICBufferFull
Event: 39.481 Executing VM operation: ICBufferFull done
Event: 39.502 Executing VM operation: G1CollectForAllocation (G1 Evacuation Pause)
Event: 39.515 Executing VM operation: G1CollectForAllocation (G1 Evacuation Pause) done
Event: 39.780 Executing VM operation: G1PauseRemark
Event: 39.799 Executing VM operation: G1PauseRemark done
Event: 39.909 Executing VM operation: G1PauseCleanup
Event: 39.909 Executing VM operation: G1PauseCleanup done

Memory protections (0 events):
No events

Nmethod flushes (20 events):
Event: 39.796 Thread 0x00000273ff7c7110 flushing  nmethod 0x00000273efd69010
Event: 39.796 Thread 0x00000273ff7c7110 flushing  nmethod 0x00000273efd6a190
Event: 39.796 Thread 0x00000273ff7c7110 flushing  nmethod 0x00000273efd6b610
Event: 39.796 Thread 0x00000273ff7c7110 flushing  nmethod 0x00000273efda5710
Event: 39.796 Thread 0x00000273ff7c7110 flushing  nmethod 0x00000273efda8d10
Event: 39.796 Thread 0x00000273ff7c7110 flushing  nmethod 0x00000273efda9990
Event: 39.796 Thread 0x00000273ff7c7110 flushing  nmethod 0x00000273efdaaa10
Event: 39.796 Thread 0x00000273ff7c7110 flushing  nmethod 0x00000273efdaae90
Event: 39.796 Thread 0x00000273ff7c7110 flushing  nmethod 0x00000273efdab890
Event: 39.796 Thread 0x00000273ff7c7110 flushing  nmethod 0x00000273efe2ba10
Event: 39.796 Thread 0x00000273ff7c7110 flushing  nmethod 0x00000273efe2ca90
Event: 39.796 Thread 0x00000273ff7c7110 flushing  nmethod 0x00000273efe49690
Event: 39.796 Thread 0x00000273ff7c7110 flushing  nmethod 0x00000273efe49e90
Event: 39.796 Thread 0x00000273ff7c7110 flushing  nmethod 0x00000273eff25710
Event: 39.796 Thread 0x00000273ff7c7110 flushing  nmethod 0x00000273eff2b590
Event: 39.796 Thread 0x00000273ff7c7110 flushing  nmethod 0x00000273eff2dd10
Event: 39.796 Thread 0x00000273ff7c7110 flushing  nmethod 0x00000273eff67f90
Event: 39.796 Thread 0x00000273ff7c7110 flushing  nmethod 0x00000273eff69390
Event: 39.796 Thread 0x00000273ff7c7110 flushing  nmethod 0x00000273eff69e10
Event: 39.796 Thread 0x00000273ff7c7110 flushing  nmethod 0x00000273eff6a710

Events (15 events):
Event: 0.063 Thread 0x00000273e72512c0 Thread added: 0x00000273e72512c0
Event: 0.176 Thread 0x00000273e72512c0 Thread added: 0x00000273ff84b060
Event: 0.183 Thread 0x00000273e72512c0 Thread added: 0x00000273ff84f100
Event: 0.183 Thread 0x00000273e72512c0 Thread added: 0x00000273ff85c500
Event: 0.184 Thread 0x00000273e72512c0 Thread added: 0x00000273ff85e120
Event: 0.185 Thread 0x00000273e72512c0 Thread added: 0x00000273ff9b26a0
Event: 0.185 Thread 0x00000273e72512c0 Thread added: 0x00000273ff9b3100
Event: 0.185 Thread 0x00000273e72512c0 Thread added: 0x00000273ff9b5f80
Event: 0.185 Thread 0x00000273e72512c0 Thread added: 0x00000273ff9b7110
Event: 0.185 Thread 0x00000273e72512c0 Thread added: 0x00000273ff9bb730
Event: 0.251 Thread 0x00000273e72512c0 Thread added: 0x00000273ffb4ff10
Event: 0.271 Loaded shared library C:\Program Files\Android\Android Studio\jbr\bin\net.dll
Event: 0.280 Loaded shared library C:\Program Files\Android\Android Studio\jbr\bin\nio.dll
Event: 0.373 Loaded shared library C:\Program Files\Android\Android Studio\jbr\bin\zip.dll
Event: 0.418 Loaded shared library C:\Program Files\Android\Android Studio\jbr\bin\jimage.dll


Dynamic libraries:
0x00007ff73a880000 - 0x00007ff73a88a000 	C:\Program Files\Android\Android Studio\jbr\bin\java.exe
0x00007ff90cdb0000 - 0x00007ff90cfa8000 	C:\Windows\SYSTEM32\ntdll.dll
0x00007ff90bc70000 - 0x00007ff90bd32000 	C:\Windows\System32\KERNEL32.DLL
0x00007ff90a710000 - 0x00007ff90aa06000 	C:\Windows\System32\KERNELBASE.dll
0x00007ff90a530000 - 0x00007ff90a630000 	C:\Windows\System32\ucrtbase.dll
0x00007ff863910000 - 0x00007ff86392b000 	C:\Program Files\Android\Android Studio\jbr\bin\VCRUNTIME140.dll
0x00007ff9061c0000 - 0x00007ff9061d8000 	C:\Program Files\Android\Android Studio\jbr\bin\jli.dll
0x00007ff90b690000 - 0x00007ff90b82d000 	C:\Windows\System32\USER32.dll
0x00007ff90abf0000 - 0x00007ff90ac12000 	C:\Windows\System32\win32u.dll
0x00007ff8f1800000 - 0x00007ff8f1a9b000 	C:\Windows\WinSxS\amd64_microsoft.windows.common-controls_6595b64144ccf1df_6.0.19041.6280_none_60bc30a171f2f3f3\COMCTL32.dll
0x00007ff90c0d0000 - 0x00007ff90c0fb000 	C:\Windows\System32\GDI32.dll
0x00007ff90b9b0000 - 0x00007ff90ba4e000 	C:\Windows\System32\msvcrt.dll
0x00007ff90ac20000 - 0x00007ff90ad39000 	C:\Windows\System32\gdi32full.dll
0x00007ff90ad40000 - 0x00007ff90addd000 	C:\Windows\System32\msvcp_win.dll
0x00007ff90cd30000 - 0x00007ff90cd5f000 	C:\Windows\System32\IMM32.DLL
0x00007ff8f0770000 - 0x00007ff8f077c000 	C:\Program Files\Android\Android Studio\jbr\bin\vcruntime140_1.dll
0x00007ff8f0830000 - 0x00007ff8f08bd000 	C:\Program Files\Android\Android Studio\jbr\bin\msvcp140.dll
0x00007ff862920000 - 0x00007ff8635ae000 	C:\Program Files\Android\Android Studio\jbr\bin\server\jvm.dll
0x00007ff90bbb0000 - 0x00007ff90bc61000 	C:\Windows\System32\ADVAPI32.dll
0x00007ff90bb10000 - 0x00007ff90bbaf000 	C:\Windows\System32\sechost.dll
0x00007ff90bd50000 - 0x00007ff90be70000 	C:\Windows\System32\RPCRT4.dll
0x00007ff90a6e0000 - 0x00007ff90a707000 	C:\Windows\System32\bcrypt.dll
0x00007ff90b890000 - 0x00007ff90b8fb000 	C:\Windows\System32\WS2_32.dll
0x00007ff8f01c0000 - 0x00007ff8f01e7000 	C:\Windows\SYSTEM32\WINMM.dll
0x00007ff90a2b0000 - 0x00007ff90a2fb000 	C:\Windows\SYSTEM32\POWRPROF.dll
0x00007ff909130000 - 0x00007ff90913a000 	C:\Windows\SYSTEM32\VERSION.dll
0x00007ff90a290000 - 0x00007ff90a2a2000 	C:\Windows\SYSTEM32\UMPDC.dll
0x00007ff909090000 - 0x00007ff9090a2000 	C:\Windows\SYSTEM32\kernel.appcore.dll
0x00007ff8ee9c0000 - 0x00007ff8ee9ca000 	C:\Program Files\Android\Android Studio\jbr\bin\jimage.dll
0x00007ff907db0000 - 0x00007ff907fb1000 	C:\Windows\SYSTEM32\DBGHELP.DLL
0x00007ff8ec260000 - 0x00007ff8ec294000 	C:\Windows\SYSTEM32\dbgcore.DLL
0x00007ff90a450000 - 0x00007ff90a4d2000 	C:\Windows\System32\bcryptPrimitives.dll
0x00007ff8648c0000 - 0x00007ff8648e0000 	C:\Program Files\Android\Android Studio\jbr\bin\java.dll
0x00007ff8b0b90000 - 0x00007ff8b0ba8000 	C:\Program Files\Android\Android Studio\jbr\bin\zip.dll
0x00007ff90ade0000 - 0x00007ff90b550000 	C:\Windows\System32\SHELL32.dll
0x00007ff908220000 - 0x00007ff9089c5000 	C:\Windows\SYSTEM32\windows.storage.dll
0x00007ff90c720000 - 0x00007ff90ca73000 	C:\Windows\System32\combase.dll
0x00007ff909db0000 - 0x00007ff909ddb000 	C:\Windows\SYSTEM32\Wldp.dll
0x00007ff90c1e0000 - 0x00007ff90c2ad000 	C:\Windows\System32\OLEAUT32.dll
0x00007ff90cc20000 - 0x00007ff90cccd000 	C:\Windows\System32\SHCORE.dll
0x00007ff90ba50000 - 0x00007ff90baab000 	C:\Windows\System32\shlwapi.dll
0x00007ff90a380000 - 0x00007ff90a3a4000 	C:\Windows\SYSTEM32\profapi.dll
0x00007ff8f0e80000 - 0x00007ff8f0e90000 	C:\Program Files\Android\Android Studio\jbr\bin\net.dll
0x00007ff8fee20000 - 0x00007ff8fef2a000 	C:\Windows\SYSTEM32\WINHTTP.dll
0x00007ff909b10000 - 0x00007ff909b7a000 	C:\Windows\system32\mswsock.dll
0x00007ff8648a0000 - 0x00007ff8648b6000 	C:\Program Files\Android\Android Studio\jbr\bin\nio.dll
0x00007ff864310000 - 0x00007ff864320000 	C:\Program Files\Android\Android Studio\jbr\bin\verify.dll

dbghelp: loaded successfully - version: 4.0.5 - missing functions: none
symbol engine: initialized successfully - sym options: 0x614 - pdb path: .;C:\Program Files\Android\Android Studio\jbr\bin;C:\Windows\SYSTEM32;C:\Windows\WinSxS\amd64_microsoft.windows.common-controls_6595b64144ccf1df_6.0.19041.6280_none_60bc30a171f2f3f3;C:\Program Files\Android\Android Studio\jbr\bin\server

VM Arguments:
java_command: org.jetbrains.kotlin.cli.jvm.K2JVMCompiler @D:\Projects\EAD_Assignment_MOBILE\EAD_Assignment_MOBILE\app\build\20251008_8111319256200123272.compiler.options
java_class_path (initial): C:\Users\Hp\.gradle\caches\modules-2\files-2.1\org.jetbrains.kotlin\kotlin-compiler-embeddable\1.9.0\2c8c3a7402becca891f12739b3e9fd2dc2adbd7a\kotlin-compiler-embeddable-1.9.0.jar;C:\Users\Hp\.gradle\caches\modules-2\files-2.1\org.jetbrains.kotlin\kotlin-stdlib\1.9.0\8ee15ef0c67dc83d874f412d84378d7f0eb50b63\kotlin-stdlib-1.9.0.jar;C:\Users\Hp\.gradle\caches\modules-2\files-2.1\org.jetbrains.kotlin\kotlin-script-runtime\1.9.0\4b3102cbbb7e1b58d9d1adf89563f00069ffa7d1\kotlin-script-runtime-1.9.0.jar;C:\Users\Hp\.gradle\caches\modules-2\files-2.1\org.jetbrains.kotlin\kotlin-reflect\1.6.10\1cbe9c92c12a94eea200d23c2bbaedaf3daf5132\kotlin-reflect-1.6.10.jar;C:\Users\Hp\.gradle\caches\modules-2\files-2.1\org.jetbrains.kotlin\kotlin-daemon-embeddable\1.9.0\186543f5e28cf8d9a0290fecc2cf34301c40a65c\kotlin-daemon-embeddable-1.9.0.jar;C:\Users\Hp\.gradle\caches\modules-2\files-2.1\org.jetbrains.intellij.deps\trove4j\1.0.20200330\3afb14d5f9ceb459d724e907a21145e8ff394f02\trove4j-1.0.20200330.jar;C:\Users\Hp\.gradle\caches\modules-2\files-2.1\org.jetbrains.kotlin\kotlin-stdlib-common\1.9.0\cd65c21cfd1eec4d44ef09f9f52b6d9f8a720636\kotlin-stdlib-common-1.9.0.jar;C:\Users\Hp\.gradle\caches\modules-2\files-2.1\org.jetbrains\annotations\13.0\919f0dfe192fb4e063e7dacadee7f8bb9a2672a9\annotations-13.0.jar
Launcher Type: SUN_STANDARD

[Global flags]
     intx CICompilerCount                          = 4                                         {product} {ergonomic}
     uint ConcGCThreads                            = 2                                         {product} {ergonomic}
     uint G1ConcRefinementThreads                  = 8                                         {product} {ergonomic}
   size_t G1HeapRegionSize                         = 1048576                                   {product} {ergonomic}
    uintx GCDrainStackTargetSize                   = 64                                        {product} {ergonomic}
   size_t InitialHeapSize                          = 67108864                                  {product} {ergonomic}
   size_t MarkStackSize                            = 4194304                                   {product} {ergonomic}
   size_t MaxHeapSize                              = 1048576000                                {product} {ergonomic}
   size_t MaxNewSize                               = 629145600                                 {product} {ergonomic}
   size_t MinHeapDeltaBytes                        = 1048576                                   {product} {ergonomic}
   size_t MinHeapSize                              = 8388608                                   {product} {ergonomic}
    uintx NonNMethodCodeHeapSize                   = 5839372                                {pd product} {ergonomic}
    uintx NonProfiledCodeHeapSize                  = 122909434                              {pd product} {ergonomic}
    uintx ProfiledCodeHeapSize                     = 122909434                              {pd product} {ergonomic}
    uintx ReservedCodeCacheSize                    = 251658240                              {pd product} {ergonomic}
     bool SegmentedCodeCache                       = true                                      {product} {ergonomic}
   size_t SoftMaxHeapSize                          = 1048576000                             {manageable} {ergonomic}
     bool UseCompressedOops                        = true                           {product lp64_product} {ergonomic}
     bool UseG1GC                                  = true                                      {product} {ergonomic}
     bool UseLargePagesIndividualAllocation        = false                                  {pd product} {ergonomic}

Logging:
Log output configuration:
 #0: stdout all=warning uptime,level,tags foldmultilines=false
 #1: stderr all=off uptime,level,tags foldmultilines=false

Environment Variables:
PATH=C:\oraclexe\app\oracle\product\11.2.0\server\bin;C:\Program Files\Common Files\Oracle\Java\javapath;C:\Windows\system32;C:\Windows;C:\Windows\System32\Wbem;C:\Windows\System32\WindowsPowerShell\v1.0\;C:\Windows\System32\OpenSSH\;C:\Program Files\Java\jdk-21\bin;C:\Program Files\nodejs\;C:\Users\Hp\AppData\Local\Android\Sdk\platform-tools;C:\Program Files\Microsoft SQL Server\150\Tools\Binn\;C:\Program Files\dotnet\;C:\Program Files\Microsoft SQL Server\Client SDK\ODBC\170\Tools\Binn\;C:\Program Files\Git\cmd;C:\Program Files\Docker\Docker\resources\bin;C:\Users\Hp\AppData\Local\Programs\Python\Python313\Scripts\;C:\Users\Hp\AppData\Local\Programs\Python\Python313\;C:\Users\Hp\AppData\Local\Programs\Python\Launcher\;C:\Users\Hp\AppData\Local\Microsoft\WindowsApps;C:\Program Files\JetBrains\IntelliJ IDEA Community Edition 2023.3.3\bin;;D:\Microsoft VS Code\bin;C:\Users\Hp\AppData\Roaming\npm;C:\Users\Hp\AppData\Local\GitHubDesktop\bin;C:\wamp64\bin\php\php7.4.33;C:\Users\Hp\AppData\Local\ComposerSetup\bin;C:\Users\Hp\AppData\Roaming\Composer\vendor\bin;C:\Users\Hp\.dotnet\tools
USERNAME=Hp
OS=Windows_NT
PROCESSOR_IDENTIFIER=Intel64 Family 6 Model 142 Stepping 10, GenuineIntel
TMP=C:\Users\Hp\AppData\Local\Temp
TEMP=C:\Users\Hp\AppData\Local\Temp




Periodic native trim disabled

JNI global refs:
JNI global refs: 11, weak refs: 88

JNI global refs memory usage: 835, weak refs: 1465

Process memory usage:
Resident Set Size: 506256K (12% of 4094628K total physical memory with 312728K free physical memory)

OOME stack traces (most recent first):
Classloader memory used:
Loader jdk.internal.loader.ClassLoaders$AppClassLoader                                 : 83911K
Loader bootstrap                                                                       : 13823K
Loader java.net.URLClassLoader                                                         : 2565K

---------------  S Y S T E M  ---------------

OS:
 Windows 10 , 64 bit Build 19041 (10.0.19041.5915)
OS uptime: 0 days 4:49 hours
Hyper-V role detected

CPU: total 8 (initial active 8) (4 cores per cpu, 2 threads per core) family 6 model 142 stepping 10 microcode 0xf0, cx8, cmov, fxsr, ht, mmx, 3dnowpref, sse, sse2, sse3, ssse3, sse4.1, sse4.2, popcnt, lzcnt, tsc, tscinvbit, avx, avx2, aes, erms, clmul, bmi1, bmi2, adx, fma, vzeroupper, clflush, clflushopt, hv, rdtscp, f16c
Processor Information for the first 8 processors :
  Max Mhz: 1801, Current Mhz: 1801, Mhz Limit: 1801

Memory: 4k page, system-wide physical 3998M (302M free)
TotalPageFile size 16286M (AvailPageFile size 8M)
current process WorkingSet (physical memory assigned to process): 494M, peak: 497M
current process commit charge ("private bytes"): 608M, peak: 611M

vm_info: OpenJDK 64-Bit Server VM (21.0.7+-13880790-b1038.58) for windows-amd64 JRE (21.0.7+-13880790-b1038.58), built on 2025-08-04T20:56:21Z by "builder" with MS VC++ 16.10 / 16.11 (VS2019)

END.
